{"$message_type":"diagnostic","message":"can't find crate for `std`","code":{"code":"E0463","explanation":"A crate was declared but cannot be found.\n\nErroneous code example:\n\n```compile_fail,E0463\nextern crate foo; // error: can't find crate\n```\n\nYou need to link your code to the relevant crate in order to be able to use it\n(through Cargo or the `-L` option of rustc, for example).\n\n## Common causes\n\n- The crate is not present at all. If using Cargo, add it to `[dependencies]`\n  in Cargo.toml.\n- The crate is present, but under a different name. If using Cargo, look for\n  `package = ` under `[dependencies]` in Cargo.toml.\n\n## Common causes for missing `std` or `core`\n\n- You are cross-compiling for a target which doesn't have `std` prepackaged.\n  Consider one of the following:\n  + Adding a pre-compiled version of std with `rustup target add`\n  + Building std from source with `cargo build -Z build-std`\n  + Using `#![no_std]` at the crate root, so you won't need `std` in the first\n    place.\n- You are developing the compiler itself and haven't built libstd from source.\n  You can usually build it with `x.py build library/std`. More information\n  about x.py is available in the [rustc-dev-guide].\n\n[rustc-dev-guide]: https://rustc-dev-guide.rust-lang.org/building/how-to-build-and-run.html#building-the-compiler\n"},"level":"error","spans":[{"file_name":"/Users/dimitri/.cargo/registry/src/index.crates.io-1949cf8c6b5b557f/simd-adler32-0.3.8/src/lib.rs","byte_start":0,"byte_end":0,"line_start":1,"line_end":1,"column_start":1,"column_end":1,"is_primary":true,"text":[],"label":"can't find crate","suggested_replacement":null,"suggestion_applicability":null,"expansion":null}],"children":[{"message":"the `xtensa-esp32-none-elf` target may not support the standard library","code":null,"level":"note","spans":[],"children":[],"rendered":null},{"message":"`std` is required by `simd_adler32` because it does not declare `#![no_std]`","code":null,"level":"note","spans":[],"children":[],"rendered":null},{"message":"consider building the standard library from source with `cargo build -Zbuild-std`","code":null,"level":"help","spans":[],"children":[],"rendered":null}],"rendered":"\u001b[1m\u001b[91merror[E0463]\u001b[0m\u001b[1m: can't find crate for `std`\u001b[0m\n  \u001b[1m\u001b[94m|\u001b[0m\n  \u001b[1m\u001b[94m= \u001b[0m\u001b[1mnote\u001b[0m: the `xtensa-esp32-none-elf` target may not support the standard library\n  \u001b[1m\u001b[94m= \u001b[0m\u001b[1mnote\u001b[0m: `std` is required by `simd_adler32` because it does not declare `#![no_std]`\n  \u001b[1m\u001b[94m= \u001b[0m\u001b[1mhelp\u001b[0m: consider building the standard library from source with `cargo build -Zbuild-std`\n\n"}
{"$message_type":"diagnostic","message":"cannot resolve a prelude import","code":null,"level":"error","spans":[{"file_name":"/Users/dimitri/.cargo/registry/src/index.crates.io-1949cf8c6b5b557f/simd-adler32-0.3.8/src/lib.rs","byte_start":0,"byte_end":0,"line_start":1,"line_end":1,"column_start":1,"column_end":1,"is_primary":true,"text":[],"label":null,"suggested_replacement":null,"suggestion_applicability":null,"expansion":null}],"children":[],"rendered":"\u001b[1m\u001b[91merror\u001b[0m\u001b[1m: cannot resolve a prelude import\u001b[0m\n\n"}
{"$message_type":"diagnostic","message":"can't find crate for `std`","code":{"code":"E0463","explanation":"A crate was declared but cannot be found.\n\nErroneous code example:\n\n```compile_fail,E0463\nextern crate foo; // error: can't find crate\n```\n\nYou need to link your code to the relevant crate in order to be able to use it\n(through Cargo or the `-L` option of rustc, for example).\n\n## Common causes\n\n- The crate is not present at all. If using Cargo, add it to `[dependencies]`\n  in Cargo.toml.\n- The crate is present, but under a different name. If using Cargo, look for\n  `package = ` under `[dependencies]` in Cargo.toml.\n\n## Common causes for missing `std` or `core`\n\n- You are cross-compiling for a target which doesn't have `std` prepackaged.\n  Consider one of the following:\n  + Adding a pre-compiled version of std with `rustup target add`\n  + Building std from source with `cargo build -Z build-std`\n  + Using `#![no_std]` at the crate root, so you won't need `std` in the first\n    place.\n- You are developing the compiler itself and haven't built libstd from source.\n  You can usually build it with `x.py build library/std`. More information\n  about x.py is available in the [rustc-dev-guide].\n\n[rustc-dev-guide]: https://rustc-dev-guide.rust-lang.org/building/how-to-build-and-run.html#building-the-compiler\n"},"level":"error","spans":[{"file_name":"/Users/dimitri/.cargo/registry/src/index.crates.io-1949cf8c6b5b557f/simd-adler32-0.3.8/src/lib.rs","byte_start":5589,"byte_end":5592,"line_start":215,"line_end":215,"column_start":7,"column_end":10,"is_primary":true,"text":[{"text":"  use std::io::{Read, Result};","highlight_start":7,"highlight_end":10}],"label":"can't find crate","suggested_replacement":null,"suggestion_applicability":null,"expansion":null}],"children":[{"message":"the `xtensa-esp32-none-elf` target may not support the standard library","code":null,"level":"note","spans":[],"children":[],"rendered":null},{"message":"consider building the standard library from source with `cargo build -Zbuild-std`","code":null,"level":"help","spans":[],"children":[],"rendered":null}],"rendered":"\u001b[1m\u001b[91merror[E0463]\u001b[0m\u001b[1m: can't find crate for `std`\u001b[0m\n   \u001b[1m\u001b[94m--> \u001b[0m/Users/dimitri/.cargo/registry/src/index.crates.io-1949cf8c6b5b557f/simd-adler32-0.3.8/src/lib.rs:215:7\n    \u001b[1m\u001b[94m|\u001b[0m\n\u001b[1m\u001b[94m215\u001b[0m \u001b[1m\u001b[94m|\u001b[0m   use std::io::{Read, Result};\n    \u001b[1m\u001b[94m|\u001b[0m       \u001b[1m\u001b[91m^^^\u001b[0m \u001b[1m\u001b[91mcan't find crate\u001b[0m\n    \u001b[1m\u001b[94m|\u001b[0m\n    \u001b[1m\u001b[94m= \u001b[0m\u001b[1mnote\u001b[0m: the `xtensa-esp32-none-elf` target may not support the standard library\n    \u001b[1m\u001b[94m= \u001b[0m\u001b[1mhelp\u001b[0m: consider building the standard library from source with `cargo build -Zbuild-std`\n\n"}
{"$message_type":"diagnostic","message":"cannot find attribute `derive` in this scope","code":null,"level":"error","spans":[{"file_name":"/Users/dimitri/.cargo/registry/src/index.crates.io-1949cf8c6b5b557f/simd-adler32-0.3.8/src/lib.rs","byte_start":2989,"byte_end":2995,"line_start":102,"line_end":102,"column_start":3,"column_end":9,"is_primary":true,"text":[{"text":"#[derive(Clone)]","highlight_start":3,"highlight_end":9}],"label":null,"suggested_replacement":null,"suggestion_applicability":null,"expansion":null}],"children":[{"message":"consider importing this attribute macro","code":null,"level":"help","spans":[{"file_name":"/Users/dimitri/.cargo/registry/src/index.crates.io-1949cf8c6b5b557f/simd-adler32-0.3.8/src/lib.rs","byte_start":2901,"byte_end":2901,"line_start":98,"line_end":98,"column_start":1,"column_end":1,"is_primary":true,"text":[{"text":"pub use hash::*;","highlight_start":1,"highlight_end":1}],"label":null,"suggested_replacement":"use core::prelude::rust_2024::derive;\n","suggestion_applicability":"MaybeIncorrect","expansion":null}],"children":[],"rendered":null}],"rendered":"\u001b[1m\u001b[91merror\u001b[0m\u001b[1m: cannot find attribute `derive` in this scope\u001b[0m\n   \u001b[1m\u001b[94m--> \u001b[0m/Users/dimitri/.cargo/registry/src/index.crates.io-1949cf8c6b5b557f/simd-adler32-0.3.8/src/lib.rs:102:3\n    \u001b[1m\u001b[94m|\u001b[0m\n\u001b[1m\u001b[94m102\u001b[0m \u001b[1m\u001b[94m|\u001b[0m #[derive(Clone)]\n    \u001b[1m\u001b[94m|\u001b[0m   \u001b[1m\u001b[91m^^^^^^\u001b[0m\n    \u001b[1m\u001b[94m|\u001b[0m\n\u001b[1m\u001b[96mhelp\u001b[0m: consider importing this attribute macro\n    \u001b[1m\u001b[94m|\u001b[0m\n \u001b[1m\u001b[94m98\u001b[0m \u001b[92m+ use core::prelude::rust_2024::derive;\u001b[0m\n    \u001b[1m\u001b[94m|\u001b[0m\n\n"}
{"$message_type":"diagnostic","message":"cannot find type `Option` in this scope","code":{"code":"E0412","explanation":"A used type name is not in scope.\n\nErroneous code examples:\n\n```compile_fail,E0412\nimpl Something {} // error: type name `Something` is not in scope\n\n// or:\n\ntrait Foo {\n    fn bar(N); // error: type name `N` is not in scope\n}\n\n// or:\n\nfn foo(x: T) {} // type name `T` is not in scope\n```\n\nTo fix this error, please verify you didn't misspell the type name, you did\ndeclare it or imported it into the scope. Examples:\n\n```\nstruct Something;\n\nimpl Something {} // ok!\n\n// or:\n\ntrait Foo {\n    type N;\n\n    fn bar(_: Self::N); // ok!\n}\n\n// or:\n\nfn foo<T>(x: T) {} // ok!\n```\n\nAnother case that causes this error is when a type is imported into a parent\nmodule. To fix this, you can follow the suggestion and use File directly or\n`use super::File;` which will import the types from the parent namespace. An\nexample that causes this error is below:\n\n```compile_fail,E0412\nuse std::fs::File;\n\nmod foo {\n    fn some_function(f: File) {}\n}\n```\n\n```\nuse std::fs::File;\n\nmod foo {\n    // either\n    use super::File;\n    // or\n    // use std::fs::File;\n    fn foo(f: File) {}\n}\n# fn main() {} // don't insert it for us; that'll break imports\n```\n"},"level":"error","spans":[{"file_name":"/Users/dimitri/.cargo/registry/src/index.crates.io-1949cf8c6b5b557f/simd-adler32-0.3.8/src/imp/avx2.rs","byte_start":114,"byte_end":120,"line_start":4,"line_end":4,"column_start":21,"column_end":27,"is_primary":true,"text":[{"text":"pub fn get_imp() -> Option<Adler32Imp> {","highlight_start":21,"highlight_end":27}],"label":"not found in this scope","suggested_replacement":null,"suggestion_applicability":null,"expansion":null}],"children":[{"message":"consider importing this enum","code":null,"level":"help","spans":[{"file_name":"/Users/dimitri/.cargo/registry/src/index.crates.io-1949cf8c6b5b557f/simd-adler32-0.3.8/src/imp/avx2.rs","byte_start":0,"byte_end":0,"line_start":1,"line_end":1,"column_start":1,"column_end":1,"is_primary":true,"text":[{"text":"use super::Adler32Imp;","highlight_start":1,"highlight_end":1}],"label":null,"suggested_replacement":"use core::option::Option;\n","suggestion_applicability":"MaybeIncorrect","expansion":null}],"children":[],"rendered":null}],"rendered":"\u001b[1m\u001b[91merror[E0412]\u001b[0m\u001b[1m: cannot find type `Option` in this scope\u001b[0m\n \u001b[1m\u001b[94m--> \u001b[0m/Users/dimitri/.cargo/registry/src/index.crates.io-1949cf8c6b5b557f/simd-adler32-0.3.8/src/imp/avx2.rs:4:21\n  \u001b[1m\u001b[94m|\u001b[0m\n\u001b[1m\u001b[94m4\u001b[0m \u001b[1m\u001b[94m|\u001b[0m pub fn get_imp() -> Option<Adler32Imp> {\n  \u001b[1m\u001b[94m|\u001b[0m                     \u001b[1m\u001b[91m^^^^^^\u001b[0m \u001b[1m\u001b[91mnot found in this scope\u001b[0m\n  \u001b[1m\u001b[94m|\u001b[0m\n\u001b[1m\u001b[96mhelp\u001b[0m: consider importing this enum\n  \u001b[1m\u001b[94m|\u001b[0m\n\u001b[1m\u001b[94m1\u001b[0m \u001b[92m+ use core::option::Option;\u001b[0m\n  \u001b[1m\u001b[94m|\u001b[0m\n\n"}
{"$message_type":"diagnostic","message":"cannot find type `Option` in this scope","code":{"code":"E0412","explanation":"A used type name is not in scope.\n\nErroneous code examples:\n\n```compile_fail,E0412\nimpl Something {} // error: type name `Something` is not in scope\n\n// or:\n\ntrait Foo {\n    fn bar(N); // error: type name `N` is not in scope\n}\n\n// or:\n\nfn foo(x: T) {} // type name `T` is not in scope\n```\n\nTo fix this error, please verify you didn't misspell the type name, you did\ndeclare it or imported it into the scope. Examples:\n\n```\nstruct Something;\n\nimpl Something {} // ok!\n\n// or:\n\ntrait Foo {\n    type N;\n\n    fn bar(_: Self::N); // ok!\n}\n\n// or:\n\nfn foo<T>(x: T) {} // ok!\n```\n\nAnother case that causes this error is when a type is imported into a parent\nmodule. To fix this, you can follow the suggestion and use File directly or\n`use super::File;` which will import the types from the parent namespace. An\nexample that causes this error is below:\n\n```compile_fail,E0412\nuse std::fs::File;\n\nmod foo {\n    fn some_function(f: File) {}\n}\n```\n\n```\nuse std::fs::File;\n\nmod foo {\n    // either\n    use super::File;\n    // or\n    // use std::fs::File;\n    fn foo(f: File) {}\n}\n# fn main() {} // don't insert it for us; that'll break imports\n```\n"},"level":"error","spans":[{"file_name":"/Users/dimitri/.cargo/registry/src/index.crates.io-1949cf8c6b5b557f/simd-adler32-0.3.8/src/imp/avx2.rs","byte_start":735,"byte_end":741,"line_start":32,"line_end":32,"column_start":23,"column_end":29,"is_primary":true,"text":[{"text":"fn get_imp_inner() -> Option<Adler32Imp> {","highlight_start":23,"highlight_end":29}],"label":"not found in this scope","suggested_replacement":null,"suggestion_applicability":null,"expansion":null}],"children":[{"message":"consider importing this enum","code":null,"level":"help","spans":[{"file_name":"/Users/dimitri/.cargo/registry/src/index.crates.io-1949cf8c6b5b557f/simd-adler32-0.3.8/src/imp/avx2.rs","byte_start":0,"byte_end":0,"line_start":1,"line_end":1,"column_start":1,"column_end":1,"is_primary":true,"text":[{"text":"use super::Adler32Imp;","highlight_start":1,"highlight_end":1}],"label":null,"suggested_replacement":"use core::option::Option;\n","suggestion_applicability":"MaybeIncorrect","expansion":null}],"children":[],"rendered":null}],"rendered":"\u001b[1m\u001b[91merror[E0412]\u001b[0m\u001b[1m: cannot find type `Option` in this scope\u001b[0m\n  \u001b[1m\u001b[94m--> \u001b[0m/Users/dimitri/.cargo/registry/src/index.crates.io-1949cf8c6b5b557f/simd-adler32-0.3.8/src/imp/avx2.rs:32:23\n   \u001b[1m\u001b[94m|\u001b[0m\n\u001b[1m\u001b[94m32\u001b[0m \u001b[1m\u001b[94m|\u001b[0m fn get_imp_inner() -> Option<Adler32Imp> {\n   \u001b[1m\u001b[94m|\u001b[0m                       \u001b[1m\u001b[91m^^^^^^\u001b[0m \u001b[1m\u001b[91mnot found in this scope\u001b[0m\n   \u001b[1m\u001b[94m|\u001b[0m\n\u001b[1m\u001b[96mhelp\u001b[0m: consider importing this enum\n   \u001b[1m\u001b[94m|\u001b[0m\n \u001b[1m\u001b[94m1\u001b[0m \u001b[92m+ use core::option::Option;\u001b[0m\n   \u001b[1m\u001b[94m|\u001b[0m\n\n"}
{"$message_type":"diagnostic","message":"cannot find value `None` in this scope","code":{"code":"E0425","explanation":"An unresolved name was used.\n\nErroneous code examples:\n\n```compile_fail,E0425\nsomething_that_doesnt_exist::foo;\n// error: unresolved name `something_that_doesnt_exist::foo`\n\n// or:\n\ntrait Foo {\n    fn bar() {\n        Self; // error: unresolved name `Self`\n    }\n}\n\n// or:\n\nlet x = unknown_variable;  // error: unresolved name `unknown_variable`\n```\n\nPlease verify that the name wasn't misspelled and ensure that the\nidentifier being referred to is valid for the given situation. Example:\n\n```\nenum something_that_does_exist {\n    Foo,\n}\n```\n\nOr:\n\n```\nmod something_that_does_exist {\n    pub static foo : i32 = 0i32;\n}\n\nsomething_that_does_exist::foo; // ok!\n```\n\nOr:\n\n```\nlet unknown_variable = 12u32;\nlet x = unknown_variable; // ok!\n```\n\nIf the item is not defined in the current module, it must be imported using a\n`use` statement, like so:\n\n```\n# mod foo { pub fn bar() {} }\n# fn main() {\nuse foo::bar;\nbar();\n# }\n```\n\nIf the item you are importing is not defined in some super-module of the\ncurrent module, then it must also be declared as public (e.g., `pub fn`).\n"},"level":"error","spans":[{"file_name":"/Users/dimitri/.cargo/registry/src/index.crates.io-1949cf8c6b5b557f/simd-adler32-0.3.8/src/imp/avx2.rs","byte_start":758,"byte_end":762,"line_start":33,"line_end":33,"column_start":3,"column_end":7,"is_primary":true,"text":[{"text":"  None","highlight_start":3,"highlight_end":7}],"label":"not found in this scope","suggested_replacement":null,"suggestion_applicability":null,"expansion":null}],"children":[{"message":"consider importing this unit variant","code":null,"level":"help","spans":[{"file_name":"/Users/dimitri/.cargo/registry/src/index.crates.io-1949cf8c6b5b557f/simd-adler32-0.3.8/src/imp/avx2.rs","byte_start":0,"byte_end":0,"line_start":1,"line_end":1,"column_start":1,"column_end":1,"is_primary":true,"text":[{"text":"use super::Adler32Imp;","highlight_start":1,"highlight_end":1}],"label":null,"suggested_replacement":"use core::option::Option::None;\n","suggestion_applicability":"MaybeIncorrect","expansion":null}],"children":[],"rendered":null}],"rendered":"\u001b[1m\u001b[91merror[E0425]\u001b[0m\u001b[1m: cannot find value `None` in this scope\u001b[0m\n  \u001b[1m\u001b[94m--> \u001b[0m/Users/dimitri/.cargo/registry/src/index.crates.io-1949cf8c6b5b557f/simd-adler32-0.3.8/src/imp/avx2.rs:33:3\n   \u001b[1m\u001b[94m|\u001b[0m\n\u001b[1m\u001b[94m33\u001b[0m \u001b[1m\u001b[94m|\u001b[0m   None\n   \u001b[1m\u001b[94m|\u001b[0m   \u001b[1m\u001b[91m^^^^\u001b[0m \u001b[1m\u001b[91mnot found in this scope\u001b[0m\n   \u001b[1m\u001b[94m|\u001b[0m\n\u001b[1m\u001b[96mhelp\u001b[0m: consider importing this unit variant\n   \u001b[1m\u001b[94m|\u001b[0m\n \u001b[1m\u001b[94m1\u001b[0m \u001b[92m+ use core::option::Option::None;\u001b[0m\n   \u001b[1m\u001b[94m|\u001b[0m\n\n"}
{"$message_type":"diagnostic","message":"cannot find type `Option` in this scope","code":{"code":"E0412","explanation":"A used type name is not in scope.\n\nErroneous code examples:\n\n```compile_fail,E0412\nimpl Something {} // error: type name `Something` is not in scope\n\n// or:\n\ntrait Foo {\n    fn bar(N); // error: type name `N` is not in scope\n}\n\n// or:\n\nfn foo(x: T) {} // type name `T` is not in scope\n```\n\nTo fix this error, please verify you didn't misspell the type name, you did\ndeclare it or imported it into the scope. Examples:\n\n```\nstruct Something;\n\nimpl Something {} // ok!\n\n// or:\n\ntrait Foo {\n    type N;\n\n    fn bar(_: Self::N); // ok!\n}\n\n// or:\n\nfn foo<T>(x: T) {} // ok!\n```\n\nAnother case that causes this error is when a type is imported into a parent\nmodule. To fix this, you can follow the suggestion and use File directly or\n`use super::File;` which will import the types from the parent namespace. An\nexample that causes this error is below:\n\n```compile_fail,E0412\nuse std::fs::File;\n\nmod foo {\n    fn some_function(f: File) {}\n}\n```\n\n```\nuse std::fs::File;\n\nmod foo {\n    // either\n    use super::File;\n    // or\n    // use std::fs::File;\n    fn foo(f: File) {}\n}\n# fn main() {} // don't insert it for us; that'll break imports\n```\n"},"level":"error","spans":[{"file_name":"/Users/dimitri/.cargo/registry/src/index.crates.io-1949cf8c6b5b557f/simd-adler32-0.3.8/src/imp/avx512.rs","byte_start":130,"byte_end":136,"line_start":4,"line_end":4,"column_start":21,"column_end":27,"is_primary":true,"text":[{"text":"pub fn get_imp() -> Option<Adler32Imp> {","highlight_start":21,"highlight_end":27}],"label":"not found in this scope","suggested_replacement":null,"suggestion_applicability":null,"expansion":null}],"children":[{"message":"consider importing this enum","code":null,"level":"help","spans":[{"file_name":"/Users/dimitri/.cargo/registry/src/index.crates.io-1949cf8c6b5b557f/simd-adler32-0.3.8/src/imp/avx512.rs","byte_start":0,"byte_end":0,"line_start":1,"line_end":1,"column_start":1,"column_end":1,"is_primary":true,"text":[{"text":"use super::Adler32Imp;","highlight_start":1,"highlight_end":1}],"label":null,"suggested_replacement":"use core::option::Option;\n","suggestion_applicability":"MaybeIncorrect","expansion":null}],"children":[],"rendered":null}],"rendered":"\u001b[1m\u001b[91merror[E0412]\u001b[0m\u001b[1m: cannot find type `Option` in this scope\u001b[0m\n \u001b[1m\u001b[94m--> \u001b[0m/Users/dimitri/.cargo/registry/src/index.crates.io-1949cf8c6b5b557f/simd-adler32-0.3.8/src/imp/avx512.rs:4:21\n  \u001b[1m\u001b[94m|\u001b[0m\n\u001b[1m\u001b[94m4\u001b[0m \u001b[1m\u001b[94m|\u001b[0m pub fn get_imp() -> Option<Adler32Imp> {\n  \u001b[1m\u001b[94m|\u001b[0m                     \u001b[1m\u001b[91m^^^^^^\u001b[0m \u001b[1m\u001b[91mnot found in this scope\u001b[0m\n  \u001b[1m\u001b[94m|\u001b[0m\n\u001b[1m\u001b[96mhelp\u001b[0m: consider importing this enum\n  \u001b[1m\u001b[94m|\u001b[0m\n\u001b[1m\u001b[94m1\u001b[0m \u001b[92m+ use core::option::Option;\u001b[0m\n  \u001b[1m\u001b[94m|\u001b[0m\n\n"}
{"$message_type":"diagnostic","message":"cannot find type `Option` in this scope","code":{"code":"E0412","explanation":"A used type name is not in scope.\n\nErroneous code examples:\n\n```compile_fail,E0412\nimpl Something {} // error: type name `Something` is not in scope\n\n// or:\n\ntrait Foo {\n    fn bar(N); // error: type name `N` is not in scope\n}\n\n// or:\n\nfn foo(x: T) {} // type name `T` is not in scope\n```\n\nTo fix this error, please verify you didn't misspell the type name, you did\ndeclare it or imported it into the scope. Examples:\n\n```\nstruct Something;\n\nimpl Something {} // ok!\n\n// or:\n\ntrait Foo {\n    type N;\n\n    fn bar(_: Self::N); // ok!\n}\n\n// or:\n\nfn foo<T>(x: T) {} // ok!\n```\n\nAnother case that causes this error is when a type is imported into a parent\nmodule. To fix this, you can follow the suggestion and use File directly or\n`use super::File;` which will import the types from the parent namespace. An\nexample that causes this error is below:\n\n```compile_fail,E0412\nuse std::fs::File;\n\nmod foo {\n    fn some_function(f: File) {}\n}\n```\n\n```\nuse std::fs::File;\n\nmod foo {\n    // either\n    use super::File;\n    // or\n    // use std::fs::File;\n    fn foo(f: File) {}\n}\n# fn main() {} // don't insert it for us; that'll break imports\n```\n"},"level":"error","spans":[{"file_name":"/Users/dimitri/.cargo/registry/src/index.crates.io-1949cf8c6b5b557f/simd-adler32-0.3.8/src/imp/avx512.rs","byte_start":1052,"byte_end":1058,"line_start":44,"line_end":44,"column_start":23,"column_end":29,"is_primary":true,"text":[{"text":"fn get_imp_inner() -> Option<Adler32Imp> {","highlight_start":23,"highlight_end":29}],"label":"not found in this scope","suggested_replacement":null,"suggestion_applicability":null,"expansion":null}],"children":[{"message":"consider importing this enum","code":null,"level":"help","spans":[{"file_name":"/Users/dimitri/.cargo/registry/src/index.crates.io-1949cf8c6b5b557f/simd-adler32-0.3.8/src/imp/avx512.rs","byte_start":0,"byte_end":0,"line_start":1,"line_end":1,"column_start":1,"column_end":1,"is_primary":true,"text":[{"text":"use super::Adler32Imp;","highlight_start":1,"highlight_end":1}],"label":null,"suggested_replacement":"use core::option::Option;\n","suggestion_applicability":"MaybeIncorrect","expansion":null}],"children":[],"rendered":null}],"rendered":"\u001b[1m\u001b[91merror[E0412]\u001b[0m\u001b[1m: cannot find type `Option` in this scope\u001b[0m\n  \u001b[1m\u001b[94m--> \u001b[0m/Users/dimitri/.cargo/registry/src/index.crates.io-1949cf8c6b5b557f/simd-adler32-0.3.8/src/imp/avx512.rs:44:23\n   \u001b[1m\u001b[94m|\u001b[0m\n\u001b[1m\u001b[94m44\u001b[0m \u001b[1m\u001b[94m|\u001b[0m fn get_imp_inner() -> Option<Adler32Imp> {\n   \u001b[1m\u001b[94m|\u001b[0m                       \u001b[1m\u001b[91m^^^^^^\u001b[0m \u001b[1m\u001b[91mnot found in this scope\u001b[0m\n   \u001b[1m\u001b[94m|\u001b[0m\n\u001b[1m\u001b[96mhelp\u001b[0m: consider importing this enum\n   \u001b[1m\u001b[94m|\u001b[0m\n \u001b[1m\u001b[94m1\u001b[0m \u001b[92m+ use core::option::Option;\u001b[0m\n   \u001b[1m\u001b[94m|\u001b[0m\n\n"}
{"$message_type":"diagnostic","message":"cannot find value `None` in this scope","code":{"code":"E0425","explanation":"An unresolved name was used.\n\nErroneous code examples:\n\n```compile_fail,E0425\nsomething_that_doesnt_exist::foo;\n// error: unresolved name `something_that_doesnt_exist::foo`\n\n// or:\n\ntrait Foo {\n    fn bar() {\n        Self; // error: unresolved name `Self`\n    }\n}\n\n// or:\n\nlet x = unknown_variable;  // error: unresolved name `unknown_variable`\n```\n\nPlease verify that the name wasn't misspelled and ensure that the\nidentifier being referred to is valid for the given situation. Example:\n\n```\nenum something_that_does_exist {\n    Foo,\n}\n```\n\nOr:\n\n```\nmod something_that_does_exist {\n    pub static foo : i32 = 0i32;\n}\n\nsomething_that_does_exist::foo; // ok!\n```\n\nOr:\n\n```\nlet unknown_variable = 12u32;\nlet x = unknown_variable; // ok!\n```\n\nIf the item is not defined in the current module, it must be imported using a\n`use` statement, like so:\n\n```\n# mod foo { pub fn bar() {} }\n# fn main() {\nuse foo::bar;\nbar();\n# }\n```\n\nIf the item you are importing is not defined in some super-module of the\ncurrent module, then it must also be declared as public (e.g., `pub fn`).\n"},"level":"error","spans":[{"file_name":"/Users/dimitri/.cargo/registry/src/index.crates.io-1949cf8c6b5b557f/simd-adler32-0.3.8/src/imp/avx512.rs","byte_start":1075,"byte_end":1079,"line_start":45,"line_end":45,"column_start":3,"column_end":7,"is_primary":true,"text":[{"text":"  None","highlight_start":3,"highlight_end":7}],"label":"not found in this scope","suggested_replacement":null,"suggestion_applicability":null,"expansion":null}],"children":[{"message":"consider importing this unit variant","code":null,"level":"help","spans":[{"file_name":"/Users/dimitri/.cargo/registry/src/index.crates.io-1949cf8c6b5b557f/simd-adler32-0.3.8/src/imp/avx512.rs","byte_start":0,"byte_end":0,"line_start":1,"line_end":1,"column_start":1,"column_end":1,"is_primary":true,"text":[{"text":"use super::Adler32Imp;","highlight_start":1,"highlight_end":1}],"label":null,"suggested_replacement":"use core::option::Option::None;\n","suggestion_applicability":"MaybeIncorrect","expansion":null}],"children":[],"rendered":null}],"rendered":"\u001b[1m\u001b[91merror[E0425]\u001b[0m\u001b[1m: cannot find value `None` in this scope\u001b[0m\n  \u001b[1m\u001b[94m--> \u001b[0m/Users/dimitri/.cargo/registry/src/index.crates.io-1949cf8c6b5b557f/simd-adler32-0.3.8/src/imp/avx512.rs:45:3\n   \u001b[1m\u001b[94m|\u001b[0m\n\u001b[1m\u001b[94m45\u001b[0m \u001b[1m\u001b[94m|\u001b[0m   None\n   \u001b[1m\u001b[94m|\u001b[0m   \u001b[1m\u001b[91m^^^^\u001b[0m \u001b[1m\u001b[91mnot found in this scope\u001b[0m\n   \u001b[1m\u001b[94m|\u001b[0m\n\u001b[1m\u001b[96mhelp\u001b[0m: consider importing this unit variant\n   \u001b[1m\u001b[94m|\u001b[0m\n \u001b[1m\u001b[94m1\u001b[0m \u001b[92m+ use core::option::Option::None;\u001b[0m\n   \u001b[1m\u001b[94m|\u001b[0m\n\n"}
{"$message_type":"diagnostic","message":"cannot find type `Option` in this scope","code":{"code":"E0412","explanation":"A used type name is not in scope.\n\nErroneous code examples:\n\n```compile_fail,E0412\nimpl Something {} // error: type name `Something` is not in scope\n\n// or:\n\ntrait Foo {\n    fn bar(N); // error: type name `N` is not in scope\n}\n\n// or:\n\nfn foo(x: T) {} // type name `T` is not in scope\n```\n\nTo fix this error, please verify you didn't misspell the type name, you did\ndeclare it or imported it into the scope. Examples:\n\n```\nstruct Something;\n\nimpl Something {} // ok!\n\n// or:\n\ntrait Foo {\n    type N;\n\n    fn bar(_: Self::N); // ok!\n}\n\n// or:\n\nfn foo<T>(x: T) {} // ok!\n```\n\nAnother case that causes this error is when a type is imported into a parent\nmodule. To fix this, you can follow the suggestion and use File directly or\n`use super::File;` which will import the types from the parent namespace. An\nexample that causes this error is below:\n\n```compile_fail,E0412\nuse std::fs::File;\n\nmod foo {\n    fn some_function(f: File) {}\n}\n```\n\n```\nuse std::fs::File;\n\nmod foo {\n    // either\n    use super::File;\n    // or\n    // use std::fs::File;\n    fn foo(f: File) {}\n}\n# fn main() {} // don't insert it for us; that'll break imports\n```\n"},"level":"error","spans":[{"file_name":"/Users/dimitri/.cargo/registry/src/index.crates.io-1949cf8c6b5b557f/simd-adler32-0.3.8/src/imp/sse2.rs","byte_start":114,"byte_end":120,"line_start":4,"line_end":4,"column_start":21,"column_end":27,"is_primary":true,"text":[{"text":"pub fn get_imp() -> Option<Adler32Imp> {","highlight_start":21,"highlight_end":27}],"label":"not found in this scope","suggested_replacement":null,"suggestion_applicability":null,"expansion":null}],"children":[{"message":"consider importing this enum","code":null,"level":"help","spans":[{"file_name":"/Users/dimitri/.cargo/registry/src/index.crates.io-1949cf8c6b5b557f/simd-adler32-0.3.8/src/imp/sse2.rs","byte_start":0,"byte_end":0,"line_start":1,"line_end":1,"column_start":1,"column_end":1,"is_primary":true,"text":[{"text":"use super::Adler32Imp;","highlight_start":1,"highlight_end":1}],"label":null,"suggested_replacement":"use core::option::Option;\n","suggestion_applicability":"MaybeIncorrect","expansion":null}],"children":[],"rendered":null}],"rendered":"\u001b[1m\u001b[91merror[E0412]\u001b[0m\u001b[1m: cannot find type `Option` in this scope\u001b[0m\n \u001b[1m\u001b[94m--> \u001b[0m/Users/dimitri/.cargo/registry/src/index.crates.io-1949cf8c6b5b557f/simd-adler32-0.3.8/src/imp/sse2.rs:4:21\n  \u001b[1m\u001b[94m|\u001b[0m\n\u001b[1m\u001b[94m4\u001b[0m \u001b[1m\u001b[94m|\u001b[0m pub fn get_imp() -> Option<Adler32Imp> {\n  \u001b[1m\u001b[94m|\u001b[0m                     \u001b[1m\u001b[91m^^^^^^\u001b[0m \u001b[1m\u001b[91mnot found in this scope\u001b[0m\n  \u001b[1m\u001b[94m|\u001b[0m\n\u001b[1m\u001b[96mhelp\u001b[0m: consider importing this enum\n  \u001b[1m\u001b[94m|\u001b[0m\n\u001b[1m\u001b[94m1\u001b[0m \u001b[92m+ use core::option::Option;\u001b[0m\n  \u001b[1m\u001b[94m|\u001b[0m\n\n"}
{"$message_type":"diagnostic","message":"cannot find type `Option` in this scope","code":{"code":"E0412","explanation":"A used type name is not in scope.\n\nErroneous code examples:\n\n```compile_fail,E0412\nimpl Something {} // error: type name `Something` is not in scope\n\n// or:\n\ntrait Foo {\n    fn bar(N); // error: type name `N` is not in scope\n}\n\n// or:\n\nfn foo(x: T) {} // type name `T` is not in scope\n```\n\nTo fix this error, please verify you didn't misspell the type name, you did\ndeclare it or imported it into the scope. Examples:\n\n```\nstruct Something;\n\nimpl Something {} // ok!\n\n// or:\n\ntrait Foo {\n    type N;\n\n    fn bar(_: Self::N); // ok!\n}\n\n// or:\n\nfn foo<T>(x: T) {} // ok!\n```\n\nAnother case that causes this error is when a type is imported into a parent\nmodule. To fix this, you can follow the suggestion and use File directly or\n`use super::File;` which will import the types from the parent namespace. An\nexample that causes this error is below:\n\n```compile_fail,E0412\nuse std::fs::File;\n\nmod foo {\n    fn some_function(f: File) {}\n}\n```\n\n```\nuse std::fs::File;\n\nmod foo {\n    // either\n    use super::File;\n    // or\n    // use std::fs::File;\n    fn foo(f: File) {}\n}\n# fn main() {} // don't insert it for us; that'll break imports\n```\n"},"level":"error","spans":[{"file_name":"/Users/dimitri/.cargo/registry/src/index.crates.io-1949cf8c6b5b557f/simd-adler32-0.3.8/src/imp/sse2.rs","byte_start":735,"byte_end":741,"line_start":32,"line_end":32,"column_start":23,"column_end":29,"is_primary":true,"text":[{"text":"fn get_imp_inner() -> Option<Adler32Imp> {","highlight_start":23,"highlight_end":29}],"label":"not found in this scope","suggested_replacement":null,"suggestion_applicability":null,"expansion":null}],"children":[{"message":"consider importing this enum","code":null,"level":"help","spans":[{"file_name":"/Users/dimitri/.cargo/registry/src/index.crates.io-1949cf8c6b5b557f/simd-adler32-0.3.8/src/imp/sse2.rs","byte_start":0,"byte_end":0,"line_start":1,"line_end":1,"column_start":1,"column_end":1,"is_primary":true,"text":[{"text":"use super::Adler32Imp;","highlight_start":1,"highlight_end":1}],"label":null,"suggested_replacement":"use core::option::Option;\n","suggestion_applicability":"MaybeIncorrect","expansion":null}],"children":[],"rendered":null}],"rendered":"\u001b[1m\u001b[91merror[E0412]\u001b[0m\u001b[1m: cannot find type `Option` in this scope\u001b[0m\n  \u001b[1m\u001b[94m--> \u001b[0m/Users/dimitri/.cargo/registry/src/index.crates.io-1949cf8c6b5b557f/simd-adler32-0.3.8/src/imp/sse2.rs:32:23\n   \u001b[1m\u001b[94m|\u001b[0m\n\u001b[1m\u001b[94m32\u001b[0m \u001b[1m\u001b[94m|\u001b[0m fn get_imp_inner() -> Option<Adler32Imp> {\n   \u001b[1m\u001b[94m|\u001b[0m                       \u001b[1m\u001b[91m^^^^^^\u001b[0m \u001b[1m\u001b[91mnot found in this scope\u001b[0m\n   \u001b[1m\u001b[94m|\u001b[0m\n\u001b[1m\u001b[96mhelp\u001b[0m: consider importing this enum\n   \u001b[1m\u001b[94m|\u001b[0m\n \u001b[1m\u001b[94m1\u001b[0m \u001b[92m+ use core::option::Option;\u001b[0m\n   \u001b[1m\u001b[94m|\u001b[0m\n\n"}
{"$message_type":"diagnostic","message":"cannot find value `None` in this scope","code":{"code":"E0425","explanation":"An unresolved name was used.\n\nErroneous code examples:\n\n```compile_fail,E0425\nsomething_that_doesnt_exist::foo;\n// error: unresolved name `something_that_doesnt_exist::foo`\n\n// or:\n\ntrait Foo {\n    fn bar() {\n        Self; // error: unresolved name `Self`\n    }\n}\n\n// or:\n\nlet x = unknown_variable;  // error: unresolved name `unknown_variable`\n```\n\nPlease verify that the name wasn't misspelled and ensure that the\nidentifier being referred to is valid for the given situation. Example:\n\n```\nenum something_that_does_exist {\n    Foo,\n}\n```\n\nOr:\n\n```\nmod something_that_does_exist {\n    pub static foo : i32 = 0i32;\n}\n\nsomething_that_does_exist::foo; // ok!\n```\n\nOr:\n\n```\nlet unknown_variable = 12u32;\nlet x = unknown_variable; // ok!\n```\n\nIf the item is not defined in the current module, it must be imported using a\n`use` statement, like so:\n\n```\n# mod foo { pub fn bar() {} }\n# fn main() {\nuse foo::bar;\nbar();\n# }\n```\n\nIf the item you are importing is not defined in some super-module of the\ncurrent module, then it must also be declared as public (e.g., `pub fn`).\n"},"level":"error","spans":[{"file_name":"/Users/dimitri/.cargo/registry/src/index.crates.io-1949cf8c6b5b557f/simd-adler32-0.3.8/src/imp/sse2.rs","byte_start":758,"byte_end":762,"line_start":33,"line_end":33,"column_start":3,"column_end":7,"is_primary":true,"text":[{"text":"  None","highlight_start":3,"highlight_end":7}],"label":"not found in this scope","suggested_replacement":null,"suggestion_applicability":null,"expansion":null}],"children":[{"message":"consider importing this unit variant","code":null,"level":"help","spans":[{"file_name":"/Users/dimitri/.cargo/registry/src/index.crates.io-1949cf8c6b5b557f/simd-adler32-0.3.8/src/imp/sse2.rs","byte_start":0,"byte_end":0,"line_start":1,"line_end":1,"column_start":1,"column_end":1,"is_primary":true,"text":[{"text":"use super::Adler32Imp;","highlight_start":1,"highlight_end":1}],"label":null,"suggested_replacement":"use core::option::Option::None;\n","suggestion_applicability":"MaybeIncorrect","expansion":null}],"children":[],"rendered":null}],"rendered":"\u001b[1m\u001b[91merror[E0425]\u001b[0m\u001b[1m: cannot find value `None` in this scope\u001b[0m\n  \u001b[1m\u001b[94m--> \u001b[0m/Users/dimitri/.cargo/registry/src/index.crates.io-1949cf8c6b5b557f/simd-adler32-0.3.8/src/imp/sse2.rs:33:3\n   \u001b[1m\u001b[94m|\u001b[0m\n\u001b[1m\u001b[94m33\u001b[0m \u001b[1m\u001b[94m|\u001b[0m   None\n   \u001b[1m\u001b[94m|\u001b[0m   \u001b[1m\u001b[91m^^^^\u001b[0m \u001b[1m\u001b[91mnot found in this scope\u001b[0m\n   \u001b[1m\u001b[94m|\u001b[0m\n\u001b[1m\u001b[96mhelp\u001b[0m: consider importing this unit variant\n   \u001b[1m\u001b[94m|\u001b[0m\n \u001b[1m\u001b[94m1\u001b[0m \u001b[92m+ use core::option::Option::None;\u001b[0m\n   \u001b[1m\u001b[94m|\u001b[0m\n\n"}
{"$message_type":"diagnostic","message":"cannot find type `Option` in this scope","code":{"code":"E0412","explanation":"A used type name is not in scope.\n\nErroneous code examples:\n\n```compile_fail,E0412\nimpl Something {} // error: type name `Something` is not in scope\n\n// or:\n\ntrait Foo {\n    fn bar(N); // error: type name `N` is not in scope\n}\n\n// or:\n\nfn foo(x: T) {} // type name `T` is not in scope\n```\n\nTo fix this error, please verify you didn't misspell the type name, you did\ndeclare it or imported it into the scope. Examples:\n\n```\nstruct Something;\n\nimpl Something {} // ok!\n\n// or:\n\ntrait Foo {\n    type N;\n\n    fn bar(_: Self::N); // ok!\n}\n\n// or:\n\nfn foo<T>(x: T) {} // ok!\n```\n\nAnother case that causes this error is when a type is imported into a parent\nmodule. To fix this, you can follow the suggestion and use File directly or\n`use super::File;` which will import the types from the parent namespace. An\nexample that causes this error is below:\n\n```compile_fail,E0412\nuse std::fs::File;\n\nmod foo {\n    fn some_function(f: File) {}\n}\n```\n\n```\nuse std::fs::File;\n\nmod foo {\n    // either\n    use super::File;\n    // or\n    // use std::fs::File;\n    fn foo(f: File) {}\n}\n# fn main() {} // don't insert it for us; that'll break imports\n```\n"},"level":"error","spans":[{"file_name":"/Users/dimitri/.cargo/registry/src/index.crates.io-1949cf8c6b5b557f/simd-adler32-0.3.8/src/imp/ssse3.rs","byte_start":115,"byte_end":121,"line_start":4,"line_end":4,"column_start":21,"column_end":27,"is_primary":true,"text":[{"text":"pub fn get_imp() -> Option<Adler32Imp> {","highlight_start":21,"highlight_end":27}],"label":"not found in this scope","suggested_replacement":null,"suggestion_applicability":null,"expansion":null}],"children":[{"message":"consider importing this enum","code":null,"level":"help","spans":[{"file_name":"/Users/dimitri/.cargo/registry/src/index.crates.io-1949cf8c6b5b557f/simd-adler32-0.3.8/src/imp/ssse3.rs","byte_start":0,"byte_end":0,"line_start":1,"line_end":1,"column_start":1,"column_end":1,"is_primary":true,"text":[{"text":"use super::Adler32Imp;","highlight_start":1,"highlight_end":1}],"label":null,"suggested_replacement":"use core::option::Option;\n","suggestion_applicability":"MaybeIncorrect","expansion":null}],"children":[],"rendered":null}],"rendered":"\u001b[1m\u001b[91merror[E0412]\u001b[0m\u001b[1m: cannot find type `Option` in this scope\u001b[0m\n \u001b[1m\u001b[94m--> \u001b[0m/Users/dimitri/.cargo/registry/src/index.crates.io-1949cf8c6b5b557f/simd-adler32-0.3.8/src/imp/ssse3.rs:4:21\n  \u001b[1m\u001b[94m|\u001b[0m\n\u001b[1m\u001b[94m4\u001b[0m \u001b[1m\u001b[94m|\u001b[0m pub fn get_imp() -> Option<Adler32Imp> {\n  \u001b[1m\u001b[94m|\u001b[0m                     \u001b[1m\u001b[91m^^^^^^\u001b[0m \u001b[1m\u001b[91mnot found in this scope\u001b[0m\n  \u001b[1m\u001b[94m|\u001b[0m\n\u001b[1m\u001b[96mhelp\u001b[0m: consider importing this enum\n  \u001b[1m\u001b[94m|\u001b[0m\n\u001b[1m\u001b[94m1\u001b[0m \u001b[92m+ use core::option::Option;\u001b[0m\n  \u001b[1m\u001b[94m|\u001b[0m\n\n"}
{"$message_type":"diagnostic","message":"cannot find type `Option` in this scope","code":{"code":"E0412","explanation":"A used type name is not in scope.\n\nErroneous code examples:\n\n```compile_fail,E0412\nimpl Something {} // error: type name `Something` is not in scope\n\n// or:\n\ntrait Foo {\n    fn bar(N); // error: type name `N` is not in scope\n}\n\n// or:\n\nfn foo(x: T) {} // type name `T` is not in scope\n```\n\nTo fix this error, please verify you didn't misspell the type name, you did\ndeclare it or imported it into the scope. Examples:\n\n```\nstruct Something;\n\nimpl Something {} // ok!\n\n// or:\n\ntrait Foo {\n    type N;\n\n    fn bar(_: Self::N); // ok!\n}\n\n// or:\n\nfn foo<T>(x: T) {} // ok!\n```\n\nAnother case that causes this error is when a type is imported into a parent\nmodule. To fix this, you can follow the suggestion and use File directly or\n`use super::File;` which will import the types from the parent namespace. An\nexample that causes this error is below:\n\n```compile_fail,E0412\nuse std::fs::File;\n\nmod foo {\n    fn some_function(f: File) {}\n}\n```\n\n```\nuse std::fs::File;\n\nmod foo {\n    // either\n    use super::File;\n    // or\n    // use std::fs::File;\n    fn foo(f: File) {}\n}\n# fn main() {} // don't insert it for us; that'll break imports\n```\n"},"level":"error","spans":[{"file_name":"/Users/dimitri/.cargo/registry/src/index.crates.io-1949cf8c6b5b557f/simd-adler32-0.3.8/src/imp/ssse3.rs","byte_start":739,"byte_end":745,"line_start":32,"line_end":32,"column_start":23,"column_end":29,"is_primary":true,"text":[{"text":"fn get_imp_inner() -> Option<Adler32Imp> {","highlight_start":23,"highlight_end":29}],"label":"not found in this scope","suggested_replacement":null,"suggestion_applicability":null,"expansion":null}],"children":[{"message":"consider importing this enum","code":null,"level":"help","spans":[{"file_name":"/Users/dimitri/.cargo/registry/src/index.crates.io-1949cf8c6b5b557f/simd-adler32-0.3.8/src/imp/ssse3.rs","byte_start":0,"byte_end":0,"line_start":1,"line_end":1,"column_start":1,"column_end":1,"is_primary":true,"text":[{"text":"use super::Adler32Imp;","highlight_start":1,"highlight_end":1}],"label":null,"suggested_replacement":"use core::option::Option;\n","suggestion_applicability":"MaybeIncorrect","expansion":null}],"children":[],"rendered":null}],"rendered":"\u001b[1m\u001b[91merror[E0412]\u001b[0m\u001b[1m: cannot find type `Option` in this scope\u001b[0m\n  \u001b[1m\u001b[94m--> \u001b[0m/Users/dimitri/.cargo/registry/src/index.crates.io-1949cf8c6b5b557f/simd-adler32-0.3.8/src/imp/ssse3.rs:32:23\n   \u001b[1m\u001b[94m|\u001b[0m\n\u001b[1m\u001b[94m32\u001b[0m \u001b[1m\u001b[94m|\u001b[0m fn get_imp_inner() -> Option<Adler32Imp> {\n   \u001b[1m\u001b[94m|\u001b[0m                       \u001b[1m\u001b[91m^^^^^^\u001b[0m \u001b[1m\u001b[91mnot found in this scope\u001b[0m\n   \u001b[1m\u001b[94m|\u001b[0m\n\u001b[1m\u001b[96mhelp\u001b[0m: consider importing this enum\n   \u001b[1m\u001b[94m|\u001b[0m\n \u001b[1m\u001b[94m1\u001b[0m \u001b[92m+ use core::option::Option;\u001b[0m\n   \u001b[1m\u001b[94m|\u001b[0m\n\n"}
{"$message_type":"diagnostic","message":"cannot find value `None` in this scope","code":{"code":"E0425","explanation":"An unresolved name was used.\n\nErroneous code examples:\n\n```compile_fail,E0425\nsomething_that_doesnt_exist::foo;\n// error: unresolved name `something_that_doesnt_exist::foo`\n\n// or:\n\ntrait Foo {\n    fn bar() {\n        Self; // error: unresolved name `Self`\n    }\n}\n\n// or:\n\nlet x = unknown_variable;  // error: unresolved name `unknown_variable`\n```\n\nPlease verify that the name wasn't misspelled and ensure that the\nidentifier being referred to is valid for the given situation. Example:\n\n```\nenum something_that_does_exist {\n    Foo,\n}\n```\n\nOr:\n\n```\nmod something_that_does_exist {\n    pub static foo : i32 = 0i32;\n}\n\nsomething_that_does_exist::foo; // ok!\n```\n\nOr:\n\n```\nlet unknown_variable = 12u32;\nlet x = unknown_variable; // ok!\n```\n\nIf the item is not defined in the current module, it must be imported using a\n`use` statement, like so:\n\n```\n# mod foo { pub fn bar() {} }\n# fn main() {\nuse foo::bar;\nbar();\n# }\n```\n\nIf the item you are importing is not defined in some super-module of the\ncurrent module, then it must also be declared as public (e.g., `pub fn`).\n"},"level":"error","spans":[{"file_name":"/Users/dimitri/.cargo/registry/src/index.crates.io-1949cf8c6b5b557f/simd-adler32-0.3.8/src/imp/ssse3.rs","byte_start":762,"byte_end":766,"line_start":33,"line_end":33,"column_start":3,"column_end":7,"is_primary":true,"text":[{"text":"  None","highlight_start":3,"highlight_end":7}],"label":"not found in this scope","suggested_replacement":null,"suggestion_applicability":null,"expansion":null}],"children":[{"message":"consider importing this unit variant","code":null,"level":"help","spans":[{"file_name":"/Users/dimitri/.cargo/registry/src/index.crates.io-1949cf8c6b5b557f/simd-adler32-0.3.8/src/imp/ssse3.rs","byte_start":0,"byte_end":0,"line_start":1,"line_end":1,"column_start":1,"column_end":1,"is_primary":true,"text":[{"text":"use super::Adler32Imp;","highlight_start":1,"highlight_end":1}],"label":null,"suggested_replacement":"use core::option::Option::None;\n","suggestion_applicability":"MaybeIncorrect","expansion":null}],"children":[],"rendered":null}],"rendered":"\u001b[1m\u001b[91merror[E0425]\u001b[0m\u001b[1m: cannot find value `None` in this scope\u001b[0m\n  \u001b[1m\u001b[94m--> \u001b[0m/Users/dimitri/.cargo/registry/src/index.crates.io-1949cf8c6b5b557f/simd-adler32-0.3.8/src/imp/ssse3.rs:33:3\n   \u001b[1m\u001b[94m|\u001b[0m\n\u001b[1m\u001b[94m33\u001b[0m \u001b[1m\u001b[94m|\u001b[0m   None\n   \u001b[1m\u001b[94m|\u001b[0m   \u001b[1m\u001b[91m^^^^\u001b[0m \u001b[1m\u001b[91mnot found in this scope\u001b[0m\n   \u001b[1m\u001b[94m|\u001b[0m\n\u001b[1m\u001b[96mhelp\u001b[0m: consider importing this unit variant\n   \u001b[1m\u001b[94m|\u001b[0m\n \u001b[1m\u001b[94m1\u001b[0m \u001b[92m+ use core::option::Option::None;\u001b[0m\n   \u001b[1m\u001b[94m|\u001b[0m\n\n"}
{"$message_type":"diagnostic","message":"cannot find type `Option` in this scope","code":{"code":"E0412","explanation":"A used type name is not in scope.\n\nErroneous code examples:\n\n```compile_fail,E0412\nimpl Something {} // error: type name `Something` is not in scope\n\n// or:\n\ntrait Foo {\n    fn bar(N); // error: type name `N` is not in scope\n}\n\n// or:\n\nfn foo(x: T) {} // type name `T` is not in scope\n```\n\nTo fix this error, please verify you didn't misspell the type name, you did\ndeclare it or imported it into the scope. Examples:\n\n```\nstruct Something;\n\nimpl Something {} // ok!\n\n// or:\n\ntrait Foo {\n    type N;\n\n    fn bar(_: Self::N); // ok!\n}\n\n// or:\n\nfn foo<T>(x: T) {} // ok!\n```\n\nAnother case that causes this error is when a type is imported into a parent\nmodule. To fix this, you can follow the suggestion and use File directly or\n`use super::File;` which will import the types from the parent namespace. An\nexample that causes this error is below:\n\n```compile_fail,E0412\nuse std::fs::File;\n\nmod foo {\n    fn some_function(f: File) {}\n}\n```\n\n```\nuse std::fs::File;\n\nmod foo {\n    // either\n    use super::File;\n    // or\n    // use std::fs::File;\n    fn foo(f: File) {}\n}\n# fn main() {} // don't insert it for us; that'll break imports\n```\n"},"level":"error","spans":[{"file_name":"/Users/dimitri/.cargo/registry/src/index.crates.io-1949cf8c6b5b557f/simd-adler32-0.3.8/src/imp/wasm.rs","byte_start":117,"byte_end":123,"line_start":4,"line_end":4,"column_start":21,"column_end":27,"is_primary":true,"text":[{"text":"pub fn get_imp() -> Option<Adler32Imp> {","highlight_start":21,"highlight_end":27}],"label":"not found in this scope","suggested_replacement":null,"suggestion_applicability":null,"expansion":null}],"children":[{"message":"consider importing this enum","code":null,"level":"help","spans":[{"file_name":"/Users/dimitri/.cargo/registry/src/index.crates.io-1949cf8c6b5b557f/simd-adler32-0.3.8/src/imp/wasm.rs","byte_start":0,"byte_end":0,"line_start":1,"line_end":1,"column_start":1,"column_end":1,"is_primary":true,"text":[{"text":"use super::Adler32Imp;","highlight_start":1,"highlight_end":1}],"label":null,"suggested_replacement":"use core::option::Option;\n","suggestion_applicability":"MaybeIncorrect","expansion":null}],"children":[],"rendered":null}],"rendered":"\u001b[1m\u001b[91merror[E0412]\u001b[0m\u001b[1m: cannot find type `Option` in this scope\u001b[0m\n \u001b[1m\u001b[94m--> \u001b[0m/Users/dimitri/.cargo/registry/src/index.crates.io-1949cf8c6b5b557f/simd-adler32-0.3.8/src/imp/wasm.rs:4:21\n  \u001b[1m\u001b[94m|\u001b[0m\n\u001b[1m\u001b[94m4\u001b[0m \u001b[1m\u001b[94m|\u001b[0m pub fn get_imp() -> Option<Adler32Imp> {\n  \u001b[1m\u001b[94m|\u001b[0m                     \u001b[1m\u001b[91m^^^^^^\u001b[0m \u001b[1m\u001b[91mnot found in this scope\u001b[0m\n  \u001b[1m\u001b[94m|\u001b[0m\n\u001b[1m\u001b[96mhelp\u001b[0m: consider importing this enum\n  \u001b[1m\u001b[94m|\u001b[0m\n\u001b[1m\u001b[94m1\u001b[0m \u001b[92m+ use core::option::Option;\u001b[0m\n  \u001b[1m\u001b[94m|\u001b[0m\n\n"}
{"$message_type":"diagnostic","message":"cannot find type `Option` in this scope","code":{"code":"E0412","explanation":"A used type name is not in scope.\n\nErroneous code examples:\n\n```compile_fail,E0412\nimpl Something {} // error: type name `Something` is not in scope\n\n// or:\n\ntrait Foo {\n    fn bar(N); // error: type name `N` is not in scope\n}\n\n// or:\n\nfn foo(x: T) {} // type name `T` is not in scope\n```\n\nTo fix this error, please verify you didn't misspell the type name, you did\ndeclare it or imported it into the scope. Examples:\n\n```\nstruct Something;\n\nimpl Something {} // ok!\n\n// or:\n\ntrait Foo {\n    type N;\n\n    fn bar(_: Self::N); // ok!\n}\n\n// or:\n\nfn foo<T>(x: T) {} // ok!\n```\n\nAnother case that causes this error is when a type is imported into a parent\nmodule. To fix this, you can follow the suggestion and use File directly or\n`use super::File;` which will import the types from the parent namespace. An\nexample that causes this error is below:\n\n```compile_fail,E0412\nuse std::fs::File;\n\nmod foo {\n    fn some_function(f: File) {}\n}\n```\n\n```\nuse std::fs::File;\n\nmod foo {\n    // either\n    use super::File;\n    // or\n    // use std::fs::File;\n    fn foo(f: File) {}\n}\n# fn main() {} // don't insert it for us; that'll break imports\n```\n"},"level":"error","spans":[{"file_name":"/Users/dimitri/.cargo/registry/src/index.crates.io-1949cf8c6b5b557f/simd-adler32-0.3.8/src/imp/wasm.rs","byte_start":546,"byte_end":552,"line_start":28,"line_end":28,"column_start":23,"column_end":29,"is_primary":true,"text":[{"text":"fn get_imp_inner() -> Option<Adler32Imp> {","highlight_start":23,"highlight_end":29}],"label":"not found in this scope","suggested_replacement":null,"suggestion_applicability":null,"expansion":null}],"children":[{"message":"consider importing this enum","code":null,"level":"help","spans":[{"file_name":"/Users/dimitri/.cargo/registry/src/index.crates.io-1949cf8c6b5b557f/simd-adler32-0.3.8/src/imp/wasm.rs","byte_start":0,"byte_end":0,"line_start":1,"line_end":1,"column_start":1,"column_end":1,"is_primary":true,"text":[{"text":"use super::Adler32Imp;","highlight_start":1,"highlight_end":1}],"label":null,"suggested_replacement":"use core::option::Option;\n","suggestion_applicability":"MaybeIncorrect","expansion":null}],"children":[],"rendered":null}],"rendered":"\u001b[1m\u001b[91merror[E0412]\u001b[0m\u001b[1m: cannot find type `Option` in this scope\u001b[0m\n  \u001b[1m\u001b[94m--> \u001b[0m/Users/dimitri/.cargo/registry/src/index.crates.io-1949cf8c6b5b557f/simd-adler32-0.3.8/src/imp/wasm.rs:28:23\n   \u001b[1m\u001b[94m|\u001b[0m\n\u001b[1m\u001b[94m28\u001b[0m \u001b[1m\u001b[94m|\u001b[0m fn get_imp_inner() -> Option<Adler32Imp> {\n   \u001b[1m\u001b[94m|\u001b[0m                       \u001b[1m\u001b[91m^^^^^^\u001b[0m \u001b[1m\u001b[91mnot found in this scope\u001b[0m\n   \u001b[1m\u001b[94m|\u001b[0m\n\u001b[1m\u001b[96mhelp\u001b[0m: consider importing this enum\n   \u001b[1m\u001b[94m|\u001b[0m\n \u001b[1m\u001b[94m1\u001b[0m \u001b[92m+ use core::option::Option;\u001b[0m\n   \u001b[1m\u001b[94m|\u001b[0m\n\n"}
{"$message_type":"diagnostic","message":"cannot find value `None` in this scope","code":{"code":"E0425","explanation":"An unresolved name was used.\n\nErroneous code examples:\n\n```compile_fail,E0425\nsomething_that_doesnt_exist::foo;\n// error: unresolved name `something_that_doesnt_exist::foo`\n\n// or:\n\ntrait Foo {\n    fn bar() {\n        Self; // error: unresolved name `Self`\n    }\n}\n\n// or:\n\nlet x = unknown_variable;  // error: unresolved name `unknown_variable`\n```\n\nPlease verify that the name wasn't misspelled and ensure that the\nidentifier being referred to is valid for the given situation. Example:\n\n```\nenum something_that_does_exist {\n    Foo,\n}\n```\n\nOr:\n\n```\nmod something_that_does_exist {\n    pub static foo : i32 = 0i32;\n}\n\nsomething_that_does_exist::foo; // ok!\n```\n\nOr:\n\n```\nlet unknown_variable = 12u32;\nlet x = unknown_variable; // ok!\n```\n\nIf the item is not defined in the current module, it must be imported using a\n`use` statement, like so:\n\n```\n# mod foo { pub fn bar() {} }\n# fn main() {\nuse foo::bar;\nbar();\n# }\n```\n\nIf the item you are importing is not defined in some super-module of the\ncurrent module, then it must also be declared as public (e.g., `pub fn`).\n"},"level":"error","spans":[{"file_name":"/Users/dimitri/.cargo/registry/src/index.crates.io-1949cf8c6b5b557f/simd-adler32-0.3.8/src/imp/wasm.rs","byte_start":569,"byte_end":573,"line_start":29,"line_end":29,"column_start":3,"column_end":7,"is_primary":true,"text":[{"text":"  None","highlight_start":3,"highlight_end":7}],"label":"not found in this scope","suggested_replacement":null,"suggestion_applicability":null,"expansion":null}],"children":[{"message":"consider importing this unit variant","code":null,"level":"help","spans":[{"file_name":"/Users/dimitri/.cargo/registry/src/index.crates.io-1949cf8c6b5b557f/simd-adler32-0.3.8/src/imp/wasm.rs","byte_start":0,"byte_end":0,"line_start":1,"line_end":1,"column_start":1,"column_end":1,"is_primary":true,"text":[{"text":"use super::Adler32Imp;","highlight_start":1,"highlight_end":1}],"label":null,"suggested_replacement":"use core::option::Option::None;\n","suggestion_applicability":"MaybeIncorrect","expansion":null}],"children":[],"rendered":null}],"rendered":"\u001b[1m\u001b[91merror[E0425]\u001b[0m\u001b[1m: cannot find value `None` in this scope\u001b[0m\n  \u001b[1m\u001b[94m--> \u001b[0m/Users/dimitri/.cargo/registry/src/index.crates.io-1949cf8c6b5b557f/simd-adler32-0.3.8/src/imp/wasm.rs:29:3\n   \u001b[1m\u001b[94m|\u001b[0m\n\u001b[1m\u001b[94m29\u001b[0m \u001b[1m\u001b[94m|\u001b[0m   None\n   \u001b[1m\u001b[94m|\u001b[0m   \u001b[1m\u001b[91m^^^^\u001b[0m \u001b[1m\u001b[91mnot found in this scope\u001b[0m\n   \u001b[1m\u001b[94m|\u001b[0m\n\u001b[1m\u001b[96mhelp\u001b[0m: consider importing this unit variant\n   \u001b[1m\u001b[94m|\u001b[0m\n \u001b[1m\u001b[94m1\u001b[0m \u001b[92m+ use core::option::Option::None;\u001b[0m\n   \u001b[1m\u001b[94m|\u001b[0m\n\n"}
{"$message_type":"diagnostic","message":"failed to resolve: use of undeclared type `Default`","code":{"code":"E0433","explanation":"An undeclared crate, module, or type was used.\n\nErroneous code example:\n\n```compile_fail,E0433\nlet map = HashMap::new();\n// error: failed to resolve: use of undeclared type `HashMap`\n```\n\nPlease verify you didn't misspell the type/module's name or that you didn't\nforget to import it:\n\n```\nuse std::collections::HashMap; // HashMap has been imported.\nlet map: HashMap<u32, u32> = HashMap::new(); // So it can be used!\n```\n\nIf you've expected to use a crate name:\n\n```compile_fail\nuse ferris_wheel::BigO;\n// error: failed to resolve: use of undeclared module or unlinked crate\n```\n\nMake sure the crate has been added as a dependency in `Cargo.toml`.\n\nTo use a module from your current crate, add the `crate::` prefix to the path.\n"},"level":"error","spans":[{"file_name":"/Users/dimitri/.cargo/registry/src/index.crates.io-1949cf8c6b5b557f/simd-adler32-0.3.8/src/lib.rs","byte_start":3432,"byte_end":3439,"line_start":122,"line_end":122,"column_start":5,"column_end":12,"is_primary":true,"text":[{"text":"    Default::default()","highlight_start":5,"highlight_end":12}],"label":"use of undeclared type `Default`","suggested_replacement":null,"suggestion_applicability":null,"expansion":null}],"children":[{"message":"consider importing this trait","code":null,"level":"help","spans":[{"file_name":"/Users/dimitri/.cargo/registry/src/index.crates.io-1949cf8c6b5b557f/simd-adler32-0.3.8/src/lib.rs","byte_start":2901,"byte_end":2901,"line_start":98,"line_end":98,"column_start":1,"column_end":1,"is_primary":true,"text":[{"text":"pub use hash::*;","highlight_start":1,"highlight_end":1}],"label":null,"suggested_replacement":"use core::default::Default;\n","suggestion_applicability":"MaybeIncorrect","expansion":null}],"children":[],"rendered":null}],"rendered":"\u001b[1m\u001b[91merror[E0433]\u001b[0m\u001b[1m: failed to resolve: use of undeclared type `Default`\u001b[0m\n   \u001b[1m\u001b[94m--> \u001b[0m/Users/dimitri/.cargo/registry/src/index.crates.io-1949cf8c6b5b557f/simd-adler32-0.3.8/src/lib.rs:122:5\n    \u001b[1m\u001b[94m|\u001b[0m\n\u001b[1m\u001b[94m122\u001b[0m \u001b[1m\u001b[94m|\u001b[0m     Default::default()\n    \u001b[1m\u001b[94m|\u001b[0m     \u001b[1m\u001b[91m^^^^^^^\u001b[0m \u001b[1m\u001b[91muse of undeclared type `Default`\u001b[0m\n    \u001b[1m\u001b[94m|\u001b[0m\n\u001b[1m\u001b[96mhelp\u001b[0m: consider importing this trait\n    \u001b[1m\u001b[94m|\u001b[0m\n \u001b[1m\u001b[94m98\u001b[0m \u001b[92m+ use core::default::Default;\u001b[0m\n    \u001b[1m\u001b[94m|\u001b[0m\n\n"}
{"$message_type":"diagnostic","message":"cannot find trait `Default` in this scope","code":{"code":"E0405","explanation":"The code refers to a trait that is not in scope.\n\nErroneous code example:\n\n```compile_fail,E0405\nstruct Foo;\n\nimpl SomeTrait for Foo {} // error: trait `SomeTrait` is not in scope\n```\n\nPlease verify that the name of the trait wasn't misspelled and ensure that it\nwas imported. Example:\n\n```\n# #[cfg(for_demonstration_only)]\n// solution 1:\nuse some_file::SomeTrait;\n\n// solution 2:\ntrait SomeTrait {\n    // some functions\n}\n\nstruct Foo;\n\nimpl SomeTrait for Foo { // ok!\n    // implements functions\n}\n```\n"},"level":"error","spans":[{"file_name":"/Users/dimitri/.cargo/registry/src/index.crates.io-1949cf8c6b5b557f/simd-adler32-0.3.8/src/lib.rs","byte_start":5110,"byte_end":5117,"line_start":190,"line_end":190,"column_start":6,"column_end":13,"is_primary":true,"text":[{"text":"impl Default for Adler32 {","highlight_start":6,"highlight_end":13}],"label":"not found in this scope","suggested_replacement":null,"suggestion_applicability":null,"expansion":null}],"children":[{"message":"consider importing this trait","code":null,"level":"help","spans":[{"file_name":"/Users/dimitri/.cargo/registry/src/index.crates.io-1949cf8c6b5b557f/simd-adler32-0.3.8/src/lib.rs","byte_start":2901,"byte_end":2901,"line_start":98,"line_end":98,"column_start":1,"column_end":1,"is_primary":true,"text":[{"text":"pub use hash::*;","highlight_start":1,"highlight_end":1}],"label":null,"suggested_replacement":"use core::default::Default;\n","suggestion_applicability":"MaybeIncorrect","expansion":null}],"children":[],"rendered":null}],"rendered":"\u001b[1m\u001b[91merror[E0405]\u001b[0m\u001b[1m: cannot find trait `Default` in this scope\u001b[0m\n   \u001b[1m\u001b[94m--> \u001b[0m/Users/dimitri/.cargo/registry/src/index.crates.io-1949cf8c6b5b557f/simd-adler32-0.3.8/src/lib.rs:190:6\n    \u001b[1m\u001b[94m|\u001b[0m\n\u001b[1m\u001b[94m190\u001b[0m \u001b[1m\u001b[94m|\u001b[0m impl Default for Adler32 {\n    \u001b[1m\u001b[94m|\u001b[0m      \u001b[1m\u001b[91m^^^^^^^\u001b[0m \u001b[1m\u001b[91mnot found in this scope\u001b[0m\n    \u001b[1m\u001b[94m|\u001b[0m\n\u001b[1m\u001b[96mhelp\u001b[0m: consider importing this trait\n    \u001b[1m\u001b[94m|\u001b[0m\n \u001b[1m\u001b[94m98\u001b[0m \u001b[92m+ use core::default::Default;\u001b[0m\n    \u001b[1m\u001b[94m|\u001b[0m\n\n"}
{"$message_type":"diagnostic","message":"cannot find tuple struct or tuple variant `Ok` in this scope","code":{"code":"E0531","explanation":"An unknown tuple struct/variant has been used.\n\nErroneous code example:\n\n```compile_fail,E0531\nlet Type(x) = Type(12); // error!\nmatch Bar(12) {\n    Bar(x) => {} // error!\n    _ => {}\n}\n```\n\nIn most cases, it's either a forgotten import or a typo. However, let's look at\nhow you can have such a type:\n\n```edition2018\nstruct Type(u32); // this is a tuple struct\n\nenum Foo {\n    Bar(u32), // this is a tuple variant\n}\n\nuse Foo::*; // To use Foo's variant directly, we need to import them in\n            // the scope.\n```\n\nEither way, it should work fine with our previous code:\n\n```edition2018\nstruct Type(u32);\n\nenum Foo {\n    Bar(u32),\n}\nuse Foo::*;\n\nlet Type(x) = Type(12); // ok!\nmatch Type(12) {\n    Type(x) => {} // ok!\n    _ => {}\n}\n```\n"},"level":"error","spans":[{"file_name":"/Users/dimitri/.cargo/registry/src/index.crates.io-1949cf8c6b5b557f/simd-adler32-0.3.8/src/lib.rs","byte_start":6107,"byte_end":6109,"line_start":235,"line_end":235,"column_start":9,"column_end":11,"is_primary":true,"text":[{"text":"        Ok(0) => return Ok(hash.finish()),","highlight_start":9,"highlight_end":11}],"label":"not found in this scope","suggested_replacement":null,"suggestion_applicability":null,"expansion":null}],"children":[{"message":"consider importing this tuple variant","code":null,"level":"help","spans":[{"file_name":"/Users/dimitri/.cargo/registry/src/index.crates.io-1949cf8c6b5b557f/simd-adler32-0.3.8/src/lib.rs","byte_start":5563,"byte_end":5563,"line_start":214,"line_end":214,"column_start":3,"column_end":3,"is_primary":true,"text":[{"text":"  use crate::Adler32;","highlight_start":3,"highlight_end":3}],"label":null,"suggested_replacement":"use core::result::Result::Ok;\n","suggestion_applicability":"MaybeIncorrect","expansion":null}],"children":[],"rendered":null}],"rendered":"\u001b[1m\u001b[91merror[E0531]\u001b[0m\u001b[1m: cannot find tuple struct or tuple variant `Ok` in this scope\u001b[0m\n   \u001b[1m\u001b[94m--> \u001b[0m/Users/dimitri/.cargo/registry/src/index.crates.io-1949cf8c6b5b557f/simd-adler32-0.3.8/src/lib.rs:235:9\n    \u001b[1m\u001b[94m|\u001b[0m\n\u001b[1m\u001b[94m235\u001b[0m \u001b[1m\u001b[94m|\u001b[0m         Ok(0) => return Ok(hash.finish()),\n    \u001b[1m\u001b[94m|\u001b[0m         \u001b[1m\u001b[91m^^\u001b[0m \u001b[1m\u001b[91mnot found in this scope\u001b[0m\n    \u001b[1m\u001b[94m|\u001b[0m\n\u001b[1m\u001b[96mhelp\u001b[0m: consider importing this tuple variant\n    \u001b[1m\u001b[94m|\u001b[0m\n\u001b[1m\u001b[94m214\u001b[0m \u001b[92m+ \u001b[0m  \u001b[92muse core::result::Result::Ok;\u001b[0m\n    \u001b[1m\u001b[94m|\u001b[0m\n\n"}
{"$message_type":"diagnostic","message":"cannot find function, tuple struct or tuple variant `Ok` in this scope","code":{"code":"E0425","explanation":"An unresolved name was used.\n\nErroneous code examples:\n\n```compile_fail,E0425\nsomething_that_doesnt_exist::foo;\n// error: unresolved name `something_that_doesnt_exist::foo`\n\n// or:\n\ntrait Foo {\n    fn bar() {\n        Self; // error: unresolved name `Self`\n    }\n}\n\n// or:\n\nlet x = unknown_variable;  // error: unresolved name `unknown_variable`\n```\n\nPlease verify that the name wasn't misspelled and ensure that the\nidentifier being referred to is valid for the given situation. Example:\n\n```\nenum something_that_does_exist {\n    Foo,\n}\n```\n\nOr:\n\n```\nmod something_that_does_exist {\n    pub static foo : i32 = 0i32;\n}\n\nsomething_that_does_exist::foo; // ok!\n```\n\nOr:\n\n```\nlet unknown_variable = 12u32;\nlet x = unknown_variable; // ok!\n```\n\nIf the item is not defined in the current module, it must be imported using a\n`use` statement, like so:\n\n```\n# mod foo { pub fn bar() {} }\n# fn main() {\nuse foo::bar;\nbar();\n# }\n```\n\nIf the item you are importing is not defined in some super-module of the\ncurrent module, then it must also be declared as public (e.g., `pub fn`).\n"},"level":"error","spans":[{"file_name":"/Users/dimitri/.cargo/registry/src/index.crates.io-1949cf8c6b5b557f/simd-adler32-0.3.8/src/lib.rs","byte_start":6123,"byte_end":6125,"line_start":235,"line_end":235,"column_start":25,"column_end":27,"is_primary":true,"text":[{"text":"        Ok(0) => return Ok(hash.finish()),","highlight_start":25,"highlight_end":27}],"label":"not found in this scope","suggested_replacement":null,"suggestion_applicability":null,"expansion":null}],"children":[{"message":"consider importing this tuple variant","code":null,"level":"help","spans":[{"file_name":"/Users/dimitri/.cargo/registry/src/index.crates.io-1949cf8c6b5b557f/simd-adler32-0.3.8/src/lib.rs","byte_start":5563,"byte_end":5563,"line_start":214,"line_end":214,"column_start":3,"column_end":3,"is_primary":true,"text":[{"text":"  use crate::Adler32;","highlight_start":3,"highlight_end":3}],"label":null,"suggested_replacement":"use core::result::Result::Ok;\n","suggestion_applicability":"MaybeIncorrect","expansion":null}],"children":[],"rendered":null}],"rendered":"\u001b[1m\u001b[91merror[E0425]\u001b[0m\u001b[1m: cannot find function, tuple struct or tuple variant `Ok` in this scope\u001b[0m\n   \u001b[1m\u001b[94m--> \u001b[0m/Users/dimitri/.cargo/registry/src/index.crates.io-1949cf8c6b5b557f/simd-adler32-0.3.8/src/lib.rs:235:25\n    \u001b[1m\u001b[94m|\u001b[0m\n\u001b[1m\u001b[94m235\u001b[0m \u001b[1m\u001b[94m|\u001b[0m         Ok(0) => return Ok(hash.finish()),\n    \u001b[1m\u001b[94m|\u001b[0m                         \u001b[1m\u001b[91m^^\u001b[0m \u001b[1m\u001b[91mnot found in this scope\u001b[0m\n    \u001b[1m\u001b[94m|\u001b[0m\n\u001b[1m\u001b[96mhelp\u001b[0m: consider importing this tuple variant\n    \u001b[1m\u001b[94m|\u001b[0m\n\u001b[1m\u001b[94m214\u001b[0m \u001b[92m+ \u001b[0m  \u001b[92muse core::result::Result::Ok;\u001b[0m\n    \u001b[1m\u001b[94m|\u001b[0m\n\n"}
{"$message_type":"diagnostic","message":"cannot find tuple struct or tuple variant `Ok` in this scope","code":{"code":"E0531","explanation":"An unknown tuple struct/variant has been used.\n\nErroneous code example:\n\n```compile_fail,E0531\nlet Type(x) = Type(12); // error!\nmatch Bar(12) {\n    Bar(x) => {} // error!\n    _ => {}\n}\n```\n\nIn most cases, it's either a forgotten import or a typo. However, let's look at\nhow you can have such a type:\n\n```edition2018\nstruct Type(u32); // this is a tuple struct\n\nenum Foo {\n    Bar(u32), // this is a tuple variant\n}\n\nuse Foo::*; // To use Foo's variant directly, we need to import them in\n            // the scope.\n```\n\nEither way, it should work fine with our previous code:\n\n```edition2018\nstruct Type(u32);\n\nenum Foo {\n    Bar(u32),\n}\nuse Foo::*;\n\nlet Type(x) = Type(12); // ok!\nmatch Type(12) {\n    Type(x) => {} // ok!\n    _ => {}\n}\n```\n"},"level":"error","spans":[{"file_name":"/Users/dimitri/.cargo/registry/src/index.crates.io-1949cf8c6b5b557f/simd-adler32-0.3.8/src/lib.rs","byte_start":6150,"byte_end":6152,"line_start":236,"line_end":236,"column_start":9,"column_end":11,"is_primary":true,"text":[{"text":"        Ok(n) => {","highlight_start":9,"highlight_end":11}],"label":"not found in this scope","suggested_replacement":null,"suggestion_applicability":null,"expansion":null}],"children":[{"message":"consider importing this tuple variant","code":null,"level":"help","spans":[{"file_name":"/Users/dimitri/.cargo/registry/src/index.crates.io-1949cf8c6b5b557f/simd-adler32-0.3.8/src/lib.rs","byte_start":5563,"byte_end":5563,"line_start":214,"line_end":214,"column_start":3,"column_end":3,"is_primary":true,"text":[{"text":"  use crate::Adler32;","highlight_start":3,"highlight_end":3}],"label":null,"suggested_replacement":"use core::result::Result::Ok;\n","suggestion_applicability":"MaybeIncorrect","expansion":null}],"children":[],"rendered":null}],"rendered":"\u001b[1m\u001b[91merror[E0531]\u001b[0m\u001b[1m: cannot find tuple struct or tuple variant `Ok` in this scope\u001b[0m\n   \u001b[1m\u001b[94m--> \u001b[0m/Users/dimitri/.cargo/registry/src/index.crates.io-1949cf8c6b5b557f/simd-adler32-0.3.8/src/lib.rs:236:9\n    \u001b[1m\u001b[94m|\u001b[0m\n\u001b[1m\u001b[94m236\u001b[0m \u001b[1m\u001b[94m|\u001b[0m         Ok(n) => {\n    \u001b[1m\u001b[94m|\u001b[0m         \u001b[1m\u001b[91m^^\u001b[0m \u001b[1m\u001b[91mnot found in this scope\u001b[0m\n    \u001b[1m\u001b[94m|\u001b[0m\n\u001b[1m\u001b[96mhelp\u001b[0m: consider importing this tuple variant\n    \u001b[1m\u001b[94m|\u001b[0m\n\u001b[1m\u001b[94m214\u001b[0m \u001b[92m+ \u001b[0m  \u001b[92muse core::result::Result::Ok;\u001b[0m\n    \u001b[1m\u001b[94m|\u001b[0m\n\n"}
{"$message_type":"diagnostic","message":"cannot find tuple struct or tuple variant `Err` in this scope","code":{"code":"E0531","explanation":"An unknown tuple struct/variant has been used.\n\nErroneous code example:\n\n```compile_fail,E0531\nlet Type(x) = Type(12); // error!\nmatch Bar(12) {\n    Bar(x) => {} // error!\n    _ => {}\n}\n```\n\nIn most cases, it's either a forgotten import or a typo. However, let's look at\nhow you can have such a type:\n\n```edition2018\nstruct Type(u32); // this is a tuple struct\n\nenum Foo {\n    Bar(u32), // this is a tuple variant\n}\n\nuse Foo::*; // To use Foo's variant directly, we need to import them in\n            // the scope.\n```\n\nEither way, it should work fine with our previous code:\n\n```edition2018\nstruct Type(u32);\n\nenum Foo {\n    Bar(u32),\n}\nuse Foo::*;\n\nlet Type(x) = Type(12); // ok!\nmatch Type(12) {\n    Type(x) => {} // ok!\n    _ => {}\n}\n```\n"},"level":"error","spans":[{"file_name":"/Users/dimitri/.cargo/registry/src/index.crates.io-1949cf8c6b5b557f/simd-adler32-0.3.8/src/lib.rs","byte_start":6212,"byte_end":6215,"line_start":239,"line_end":239,"column_start":9,"column_end":12,"is_primary":true,"text":[{"text":"        Err(err) => return Err(err),","highlight_start":9,"highlight_end":12}],"label":"not found in this scope","suggested_replacement":null,"suggestion_applicability":null,"expansion":null}],"children":[{"message":"consider importing this tuple variant","code":null,"level":"help","spans":[{"file_name":"/Users/dimitri/.cargo/registry/src/index.crates.io-1949cf8c6b5b557f/simd-adler32-0.3.8/src/lib.rs","byte_start":5563,"byte_end":5563,"line_start":214,"line_end":214,"column_start":3,"column_end":3,"is_primary":true,"text":[{"text":"  use crate::Adler32;","highlight_start":3,"highlight_end":3}],"label":null,"suggested_replacement":"use core::result::Result::Err;\n","suggestion_applicability":"MaybeIncorrect","expansion":null}],"children":[],"rendered":null}],"rendered":"\u001b[1m\u001b[91merror[E0531]\u001b[0m\u001b[1m: cannot find tuple struct or tuple variant `Err` in this scope\u001b[0m\n   \u001b[1m\u001b[94m--> \u001b[0m/Users/dimitri/.cargo/registry/src/index.crates.io-1949cf8c6b5b557f/simd-adler32-0.3.8/src/lib.rs:239:9\n    \u001b[1m\u001b[94m|\u001b[0m\n\u001b[1m\u001b[94m239\u001b[0m \u001b[1m\u001b[94m|\u001b[0m         Err(err) => return Err(err),\n    \u001b[1m\u001b[94m|\u001b[0m         \u001b[1m\u001b[91m^^^\u001b[0m \u001b[1m\u001b[91mnot found in this scope\u001b[0m\n    \u001b[1m\u001b[94m|\u001b[0m\n\u001b[1m\u001b[96mhelp\u001b[0m: consider importing this tuple variant\n    \u001b[1m\u001b[94m|\u001b[0m\n\u001b[1m\u001b[94m214\u001b[0m \u001b[92m+ \u001b[0m  \u001b[92muse core::result::Result::Err;\u001b[0m\n    \u001b[1m\u001b[94m|\u001b[0m\n\n"}
{"$message_type":"diagnostic","message":"cannot find function, tuple struct or tuple variant `Err` in this scope","code":{"code":"E0425","explanation":"An unresolved name was used.\n\nErroneous code examples:\n\n```compile_fail,E0425\nsomething_that_doesnt_exist::foo;\n// error: unresolved name `something_that_doesnt_exist::foo`\n\n// or:\n\ntrait Foo {\n    fn bar() {\n        Self; // error: unresolved name `Self`\n    }\n}\n\n// or:\n\nlet x = unknown_variable;  // error: unresolved name `unknown_variable`\n```\n\nPlease verify that the name wasn't misspelled and ensure that the\nidentifier being referred to is valid for the given situation. Example:\n\n```\nenum something_that_does_exist {\n    Foo,\n}\n```\n\nOr:\n\n```\nmod something_that_does_exist {\n    pub static foo : i32 = 0i32;\n}\n\nsomething_that_does_exist::foo; // ok!\n```\n\nOr:\n\n```\nlet unknown_variable = 12u32;\nlet x = unknown_variable; // ok!\n```\n\nIf the item is not defined in the current module, it must be imported using a\n`use` statement, like so:\n\n```\n# mod foo { pub fn bar() {} }\n# fn main() {\nuse foo::bar;\nbar();\n# }\n```\n\nIf the item you are importing is not defined in some super-module of the\ncurrent module, then it must also be declared as public (e.g., `pub fn`).\n"},"level":"error","spans":[{"file_name":"/Users/dimitri/.cargo/registry/src/index.crates.io-1949cf8c6b5b557f/simd-adler32-0.3.8/src/lib.rs","byte_start":6231,"byte_end":6234,"line_start":239,"line_end":239,"column_start":28,"column_end":31,"is_primary":true,"text":[{"text":"        Err(err) => return Err(err),","highlight_start":28,"highlight_end":31}],"label":null,"suggested_replacement":null,"suggestion_applicability":null,"expansion":null}],"children":[{"message":"a local variable with a similar name exists","code":null,"level":"help","spans":[{"file_name":"/Users/dimitri/.cargo/registry/src/index.crates.io-1949cf8c6b5b557f/simd-adler32-0.3.8/src/lib.rs","byte_start":6231,"byte_end":6234,"line_start":239,"line_end":239,"column_start":28,"column_end":31,"is_primary":true,"text":[{"text":"        Err(err) => return Err(err),","highlight_start":28,"highlight_end":31}],"label":null,"suggested_replacement":"err","suggestion_applicability":"MaybeIncorrect","expansion":null}],"children":[],"rendered":null},{"message":"consider importing this tuple variant","code":null,"level":"help","spans":[{"file_name":"/Users/dimitri/.cargo/registry/src/index.crates.io-1949cf8c6b5b557f/simd-adler32-0.3.8/src/lib.rs","byte_start":5563,"byte_end":5563,"line_start":214,"line_end":214,"column_start":3,"column_end":3,"is_primary":true,"text":[{"text":"  use crate::Adler32;","highlight_start":3,"highlight_end":3}],"label":null,"suggested_replacement":"use core::result::Result::Err;\n","suggestion_applicability":"MaybeIncorrect","expansion":null}],"children":[],"rendered":null}],"rendered":"\u001b[1m\u001b[91merror[E0425]\u001b[0m\u001b[1m: cannot find function, tuple struct or tuple variant `Err` in this scope\u001b[0m\n   \u001b[1m\u001b[94m--> \u001b[0m/Users/dimitri/.cargo/registry/src/index.crates.io-1949cf8c6b5b557f/simd-adler32-0.3.8/src/lib.rs:239:28\n    \u001b[1m\u001b[94m|\u001b[0m\n\u001b[1m\u001b[94m239\u001b[0m \u001b[1m\u001b[94m|\u001b[0m         Err(err) => return Err(err),\n    \u001b[1m\u001b[94m|\u001b[0m                            \u001b[1m\u001b[91m^^^\u001b[0m\n    \u001b[1m\u001b[94m|\u001b[0m\n\u001b[1m\u001b[96mhelp\u001b[0m: a local variable with a similar name exists\n    \u001b[1m\u001b[94m|\u001b[0m\n\u001b[1m\u001b[94m239\u001b[0m \u001b[91m- \u001b[0m        Err(err) => return \u001b[91mErr\u001b[0m(err),\n\u001b[1m\u001b[94m239\u001b[0m \u001b[92m+ \u001b[0m        Err(err) => return \u001b[92merr\u001b[0m(err),\n    \u001b[1m\u001b[94m|\u001b[0m\n\u001b[1m\u001b[96mhelp\u001b[0m: consider importing this tuple variant\n    \u001b[1m\u001b[94m|\u001b[0m\n\u001b[1m\u001b[94m214\u001b[0m \u001b[92m+ \u001b[0m  \u001b[92muse core::result::Result::Err;\u001b[0m\n    \u001b[1m\u001b[94m|\u001b[0m\n\n"}
{"$message_type":"diagnostic","message":"cannot find tuple struct or tuple variant `Ok` in this scope","code":{"code":"E0531","explanation":"An unknown tuple struct/variant has been used.\n\nErroneous code example:\n\n```compile_fail,E0531\nlet Type(x) = Type(12); // error!\nmatch Bar(12) {\n    Bar(x) => {} // error!\n    _ => {}\n}\n```\n\nIn most cases, it's either a forgotten import or a typo. However, let's look at\nhow you can have such a type:\n\n```edition2018\nstruct Type(u32); // this is a tuple struct\n\nenum Foo {\n    Bar(u32), // this is a tuple variant\n}\n\nuse Foo::*; // To use Foo's variant directly, we need to import them in\n            // the scope.\n```\n\nEither way, it should work fine with our previous code:\n\n```edition2018\nstruct Type(u32);\n\nenum Foo {\n    Bar(u32),\n}\nuse Foo::*;\n\nlet Type(x) = Type(12); // ok!\nmatch Type(12) {\n    Type(x) => {} // ok!\n    _ => {}\n}\n```\n"},"level":"error","spans":[{"file_name":"/Users/dimitri/.cargo/registry/src/index.crates.io-1949cf8c6b5b557f/simd-adler32-0.3.8/src/lib.rs","byte_start":7367,"byte_end":7369,"line_start":283,"line_end":283,"column_start":9,"column_end":11,"is_primary":true,"text":[{"text":"        Ok(buf) => {","highlight_start":9,"highlight_end":11}],"label":"not found in this scope","suggested_replacement":null,"suggestion_applicability":null,"expansion":null}],"children":[{"message":"consider importing this tuple variant","code":null,"level":"help","spans":[{"file_name":"/Users/dimitri/.cargo/registry/src/index.crates.io-1949cf8c6b5b557f/simd-adler32-0.3.8/src/lib.rs","byte_start":6757,"byte_end":6757,"line_start":262,"line_end":262,"column_start":3,"column_end":3,"is_primary":true,"text":[{"text":"  use crate::Adler32;","highlight_start":3,"highlight_end":3}],"label":null,"suggested_replacement":"use core::result::Result::Ok;\n","suggestion_applicability":"MaybeIncorrect","expansion":null}],"children":[],"rendered":null}],"rendered":"\u001b[1m\u001b[91merror[E0531]\u001b[0m\u001b[1m: cannot find tuple struct or tuple variant `Ok` in this scope\u001b[0m\n   \u001b[1m\u001b[94m--> \u001b[0m/Users/dimitri/.cargo/registry/src/index.crates.io-1949cf8c6b5b557f/simd-adler32-0.3.8/src/lib.rs:283:9\n    \u001b[1m\u001b[94m|\u001b[0m\n\u001b[1m\u001b[94m283\u001b[0m \u001b[1m\u001b[94m|\u001b[0m         Ok(buf) => {\n    \u001b[1m\u001b[94m|\u001b[0m         \u001b[1m\u001b[91m^^\u001b[0m \u001b[1m\u001b[91mnot found in this scope\u001b[0m\n    \u001b[1m\u001b[94m|\u001b[0m\n\u001b[1m\u001b[96mhelp\u001b[0m: consider importing this tuple variant\n    \u001b[1m\u001b[94m|\u001b[0m\n\u001b[1m\u001b[94m262\u001b[0m \u001b[92m+ \u001b[0m  \u001b[92muse core::result::Result::Ok;\u001b[0m\n    \u001b[1m\u001b[94m|\u001b[0m\n\n"}
{"$message_type":"diagnostic","message":"cannot find function, tuple struct or tuple variant `Ok` in this scope","code":{"code":"E0425","explanation":"An unresolved name was used.\n\nErroneous code examples:\n\n```compile_fail,E0425\nsomething_that_doesnt_exist::foo;\n// error: unresolved name `something_that_doesnt_exist::foo`\n\n// or:\n\ntrait Foo {\n    fn bar() {\n        Self; // error: unresolved name `Self`\n    }\n}\n\n// or:\n\nlet x = unknown_variable;  // error: unresolved name `unknown_variable`\n```\n\nPlease verify that the name wasn't misspelled and ensure that the\nidentifier being referred to is valid for the given situation. Example:\n\n```\nenum something_that_does_exist {\n    Foo,\n}\n```\n\nOr:\n\n```\nmod something_that_does_exist {\n    pub static foo : i32 = 0i32;\n}\n\nsomething_that_does_exist::foo; // ok!\n```\n\nOr:\n\n```\nlet unknown_variable = 12u32;\nlet x = unknown_variable; // ok!\n```\n\nIf the item is not defined in the current module, it must be imported using a\n`use` statement, like so:\n\n```\n# mod foo { pub fn bar() {} }\n# fn main() {\nuse foo::bar;\nbar();\n# }\n```\n\nIf the item you are importing is not defined in some super-module of the\ncurrent module, then it must also be declared as public (e.g., `pub fn`).\n"},"level":"error","spans":[{"file_name":"/Users/dimitri/.cargo/registry/src/index.crates.io-1949cf8c6b5b557f/simd-adler32-0.3.8/src/lib.rs","byte_start":7429,"byte_end":7431,"line_start":285,"line_end":285,"column_start":20,"column_end":22,"is_primary":true,"text":[{"text":"            return Ok(hash.finish());","highlight_start":20,"highlight_end":22}],"label":"not found in this scope","suggested_replacement":null,"suggestion_applicability":null,"expansion":null}],"children":[{"message":"consider importing this tuple variant","code":null,"level":"help","spans":[{"file_name":"/Users/dimitri/.cargo/registry/src/index.crates.io-1949cf8c6b5b557f/simd-adler32-0.3.8/src/lib.rs","byte_start":6757,"byte_end":6757,"line_start":262,"line_end":262,"column_start":3,"column_end":3,"is_primary":true,"text":[{"text":"  use crate::Adler32;","highlight_start":3,"highlight_end":3}],"label":null,"suggested_replacement":"use core::result::Result::Ok;\n","suggestion_applicability":"MaybeIncorrect","expansion":null}],"children":[],"rendered":null}],"rendered":"\u001b[1m\u001b[91merror[E0425]\u001b[0m\u001b[1m: cannot find function, tuple struct or tuple variant `Ok` in this scope\u001b[0m\n   \u001b[1m\u001b[94m--> \u001b[0m/Users/dimitri/.cargo/registry/src/index.crates.io-1949cf8c6b5b557f/simd-adler32-0.3.8/src/lib.rs:285:20\n    \u001b[1m\u001b[94m|\u001b[0m\n\u001b[1m\u001b[94m285\u001b[0m \u001b[1m\u001b[94m|\u001b[0m             return Ok(hash.finish());\n    \u001b[1m\u001b[94m|\u001b[0m                    \u001b[1m\u001b[91m^^\u001b[0m \u001b[1m\u001b[91mnot found in this scope\u001b[0m\n    \u001b[1m\u001b[94m|\u001b[0m\n\u001b[1m\u001b[96mhelp\u001b[0m: consider importing this tuple variant\n    \u001b[1m\u001b[94m|\u001b[0m\n\u001b[1m\u001b[94m262\u001b[0m \u001b[92m+ \u001b[0m  \u001b[92muse core::result::Result::Ok;\u001b[0m\n    \u001b[1m\u001b[94m|\u001b[0m\n\n"}
{"$message_type":"diagnostic","message":"cannot find tuple struct or tuple variant `Err` in this scope","code":{"code":"E0531","explanation":"An unknown tuple struct/variant has been used.\n\nErroneous code example:\n\n```compile_fail,E0531\nlet Type(x) = Type(12); // error!\nmatch Bar(12) {\n    Bar(x) => {} // error!\n    _ => {}\n}\n```\n\nIn most cases, it's either a forgotten import or a typo. However, let's look at\nhow you can have such a type:\n\n```edition2018\nstruct Type(u32); // this is a tuple struct\n\nenum Foo {\n    Bar(u32), // this is a tuple variant\n}\n\nuse Foo::*; // To use Foo's variant directly, we need to import them in\n            // the scope.\n```\n\nEither way, it should work fine with our previous code:\n\n```edition2018\nstruct Type(u32);\n\nenum Foo {\n    Bar(u32),\n}\nuse Foo::*;\n\nlet Type(x) = Type(12); // ok!\nmatch Type(12) {\n    Type(x) => {} // ok!\n    _ => {}\n}\n```\n"},"level":"error","spans":[{"file_name":"/Users/dimitri/.cargo/registry/src/index.crates.io-1949cf8c6b5b557f/simd-adler32-0.3.8/src/lib.rs","byte_start":7526,"byte_end":7529,"line_start":291,"line_end":291,"column_start":9,"column_end":12,"is_primary":true,"text":[{"text":"        Err(err) => match err.kind() {","highlight_start":9,"highlight_end":12}],"label":"not found in this scope","suggested_replacement":null,"suggestion_applicability":null,"expansion":null}],"children":[{"message":"consider importing this tuple variant","code":null,"level":"help","spans":[{"file_name":"/Users/dimitri/.cargo/registry/src/index.crates.io-1949cf8c6b5b557f/simd-adler32-0.3.8/src/lib.rs","byte_start":6757,"byte_end":6757,"line_start":262,"line_end":262,"column_start":3,"column_end":3,"is_primary":true,"text":[{"text":"  use crate::Adler32;","highlight_start":3,"highlight_end":3}],"label":null,"suggested_replacement":"use core::result::Result::Err;\n","suggestion_applicability":"MaybeIncorrect","expansion":null}],"children":[],"rendered":null}],"rendered":"\u001b[1m\u001b[91merror[E0531]\u001b[0m\u001b[1m: cannot find tuple struct or tuple variant `Err` in this scope\u001b[0m\n   \u001b[1m\u001b[94m--> \u001b[0m/Users/dimitri/.cargo/registry/src/index.crates.io-1949cf8c6b5b557f/simd-adler32-0.3.8/src/lib.rs:291:9\n    \u001b[1m\u001b[94m|\u001b[0m\n\u001b[1m\u001b[94m291\u001b[0m \u001b[1m\u001b[94m|\u001b[0m         Err(err) => match err.kind() {\n    \u001b[1m\u001b[94m|\u001b[0m         \u001b[1m\u001b[91m^^^\u001b[0m \u001b[1m\u001b[91mnot found in this scope\u001b[0m\n    \u001b[1m\u001b[94m|\u001b[0m\n\u001b[1m\u001b[96mhelp\u001b[0m: consider importing this tuple variant\n    \u001b[1m\u001b[94m|\u001b[0m\n\u001b[1m\u001b[94m262\u001b[0m \u001b[92m+ \u001b[0m  \u001b[92muse core::result::Result::Err;\u001b[0m\n    \u001b[1m\u001b[94m|\u001b[0m\n\n"}
{"$message_type":"diagnostic","message":"cannot find function, tuple struct or tuple variant `Ok` in this scope","code":{"code":"E0425","explanation":"An unresolved name was used.\n\nErroneous code examples:\n\n```compile_fail,E0425\nsomething_that_doesnt_exist::foo;\n// error: unresolved name `something_that_doesnt_exist::foo`\n\n// or:\n\ntrait Foo {\n    fn bar() {\n        Self; // error: unresolved name `Self`\n    }\n}\n\n// or:\n\nlet x = unknown_variable;  // error: unresolved name `unknown_variable`\n```\n\nPlease verify that the name wasn't misspelled and ensure that the\nidentifier being referred to is valid for the given situation. Example:\n\n```\nenum something_that_does_exist {\n    Foo,\n}\n```\n\nOr:\n\n```\nmod something_that_does_exist {\n    pub static foo : i32 = 0i32;\n}\n\nsomething_that_does_exist::foo; // ok!\n```\n\nOr:\n\n```\nlet unknown_variable = 12u32;\nlet x = unknown_variable; // ok!\n```\n\nIf the item is not defined in the current module, it must be imported using a\n`use` statement, like so:\n\n```\n# mod foo { pub fn bar() {} }\n# fn main() {\nuse foo::bar;\nbar();\n# }\n```\n\nIf the item you are importing is not defined in some super-module of the\ncurrent module, then it must also be declared as public (e.g., `pub fn`).\n"},"level":"error","spans":[{"file_name":"/Users/dimitri/.cargo/registry/src/index.crates.io-1949cf8c6b5b557f/simd-adler32-0.3.8/src/lib.rs","byte_start":7648,"byte_end":7650,"line_start":293,"line_end":293,"column_start":46,"column_end":48,"is_primary":true,"text":[{"text":"          ErrorKind::UnexpectedEof => return Ok(hash.finish()),","highlight_start":46,"highlight_end":48}],"label":"not found in this scope","suggested_replacement":null,"suggestion_applicability":null,"expansion":null}],"children":[{"message":"consider importing this tuple variant","code":null,"level":"help","spans":[{"file_name":"/Users/dimitri/.cargo/registry/src/index.crates.io-1949cf8c6b5b557f/simd-adler32-0.3.8/src/lib.rs","byte_start":6757,"byte_end":6757,"line_start":262,"line_end":262,"column_start":3,"column_end":3,"is_primary":true,"text":[{"text":"  use crate::Adler32;","highlight_start":3,"highlight_end":3}],"label":null,"suggested_replacement":"use core::result::Result::Ok;\n","suggestion_applicability":"MaybeIncorrect","expansion":null}],"children":[],"rendered":null}],"rendered":"\u001b[1m\u001b[91merror[E0425]\u001b[0m\u001b[1m: cannot find function, tuple struct or tuple variant `Ok` in this scope\u001b[0m\n   \u001b[1m\u001b[94m--> \u001b[0m/Users/dimitri/.cargo/registry/src/index.crates.io-1949cf8c6b5b557f/simd-adler32-0.3.8/src/lib.rs:293:46\n    \u001b[1m\u001b[94m|\u001b[0m\n\u001b[1m\u001b[94m293\u001b[0m \u001b[1m\u001b[94m|\u001b[0m           ErrorKind::UnexpectedEof => return Ok(hash.finish()),\n    \u001b[1m\u001b[94m|\u001b[0m                                              \u001b[1m\u001b[91m^^\u001b[0m \u001b[1m\u001b[91mnot found in this scope\u001b[0m\n    \u001b[1m\u001b[94m|\u001b[0m\n\u001b[1m\u001b[96mhelp\u001b[0m: consider importing this tuple variant\n    \u001b[1m\u001b[94m|\u001b[0m\n\u001b[1m\u001b[94m262\u001b[0m \u001b[92m+ \u001b[0m  \u001b[92muse core::result::Result::Ok;\u001b[0m\n    \u001b[1m\u001b[94m|\u001b[0m\n\n"}
{"$message_type":"diagnostic","message":"cannot find function, tuple struct or tuple variant `Err` in this scope","code":{"code":"E0425","explanation":"An unresolved name was used.\n\nErroneous code examples:\n\n```compile_fail,E0425\nsomething_that_doesnt_exist::foo;\n// error: unresolved name `something_that_doesnt_exist::foo`\n\n// or:\n\ntrait Foo {\n    fn bar() {\n        Self; // error: unresolved name `Self`\n    }\n}\n\n// or:\n\nlet x = unknown_variable;  // error: unresolved name `unknown_variable`\n```\n\nPlease verify that the name wasn't misspelled and ensure that the\nidentifier being referred to is valid for the given situation. Example:\n\n```\nenum something_that_does_exist {\n    Foo,\n}\n```\n\nOr:\n\n```\nmod something_that_does_exist {\n    pub static foo : i32 = 0i32;\n}\n\nsomething_that_does_exist::foo; // ok!\n```\n\nOr:\n\n```\nlet unknown_variable = 12u32;\nlet x = unknown_variable; // ok!\n```\n\nIf the item is not defined in the current module, it must be imported using a\n`use` statement, like so:\n\n```\n# mod foo { pub fn bar() {} }\n# fn main() {\nuse foo::bar;\nbar();\n# }\n```\n\nIf the item you are importing is not defined in some super-module of the\ncurrent module, then it must also be declared as public (e.g., `pub fn`).\n"},"level":"error","spans":[{"file_name":"/Users/dimitri/.cargo/registry/src/index.crates.io-1949cf8c6b5b557f/simd-adler32-0.3.8/src/lib.rs","byte_start":7689,"byte_end":7692,"line_start":294,"line_end":294,"column_start":23,"column_end":26,"is_primary":true,"text":[{"text":"          _ => return Err(err),","highlight_start":23,"highlight_end":26}],"label":null,"suggested_replacement":null,"suggestion_applicability":null,"expansion":null}],"children":[{"message":"a local variable with a similar name exists","code":null,"level":"help","spans":[{"file_name":"/Users/dimitri/.cargo/registry/src/index.crates.io-1949cf8c6b5b557f/simd-adler32-0.3.8/src/lib.rs","byte_start":7689,"byte_end":7692,"line_start":294,"line_end":294,"column_start":23,"column_end":26,"is_primary":true,"text":[{"text":"          _ => return Err(err),","highlight_start":23,"highlight_end":26}],"label":null,"suggested_replacement":"err","suggestion_applicability":"MaybeIncorrect","expansion":null}],"children":[],"rendered":null},{"message":"consider importing this tuple variant","code":null,"level":"help","spans":[{"file_name":"/Users/dimitri/.cargo/registry/src/index.crates.io-1949cf8c6b5b557f/simd-adler32-0.3.8/src/lib.rs","byte_start":6757,"byte_end":6757,"line_start":262,"line_end":262,"column_start":3,"column_end":3,"is_primary":true,"text":[{"text":"  use crate::Adler32;","highlight_start":3,"highlight_end":3}],"label":null,"suggested_replacement":"use core::result::Result::Err;\n","suggestion_applicability":"MaybeIncorrect","expansion":null}],"children":[],"rendered":null}],"rendered":"\u001b[1m\u001b[91merror[E0425]\u001b[0m\u001b[1m: cannot find function, tuple struct or tuple variant `Err` in this scope\u001b[0m\n   \u001b[1m\u001b[94m--> \u001b[0m/Users/dimitri/.cargo/registry/src/index.crates.io-1949cf8c6b5b557f/simd-adler32-0.3.8/src/lib.rs:294:23\n    \u001b[1m\u001b[94m|\u001b[0m\n\u001b[1m\u001b[94m294\u001b[0m \u001b[1m\u001b[94m|\u001b[0m           _ => return Err(err),\n    \u001b[1m\u001b[94m|\u001b[0m                       \u001b[1m\u001b[91m^^^\u001b[0m\n    \u001b[1m\u001b[94m|\u001b[0m\n\u001b[1m\u001b[96mhelp\u001b[0m: a local variable with a similar name exists\n    \u001b[1m\u001b[94m|\u001b[0m\n\u001b[1m\u001b[94m294\u001b[0m \u001b[91m- \u001b[0m          _ => return \u001b[91mErr\u001b[0m(err),\n\u001b[1m\u001b[94m294\u001b[0m \u001b[92m+ \u001b[0m          _ => return \u001b[92merr\u001b[0m(err),\n    \u001b[1m\u001b[94m|\u001b[0m\n\u001b[1m\u001b[96mhelp\u001b[0m: consider importing this tuple variant\n    \u001b[1m\u001b[94m|\u001b[0m\n\u001b[1m\u001b[94m262\u001b[0m \u001b[92m+ \u001b[0m  \u001b[92muse core::result::Result::Err;\u001b[0m\n    \u001b[1m\u001b[94m|\u001b[0m\n\n"}
{"$message_type":"diagnostic","message":"aborting due to 31 previous errors","code":null,"level":"error","spans":[],"children":[],"rendered":"\u001b[1m\u001b[91merror\u001b[0m\u001b[1m: aborting due to 31 previous errors\u001b[0m\n\n"}
{"$message_type":"diagnostic","message":"Some errors have detailed explanations: E0405, E0412, E0425, E0433, E0463, E0531.","code":null,"level":"failure-note","spans":[],"children":[],"rendered":"\u001b[1mSome errors have detailed explanations: E0405, E0412, E0425, E0433, E0463, E0531.\u001b[0m\n"}
{"$message_type":"diagnostic","message":"For more information about an error, try `rustc --explain E0405`.","code":null,"level":"failure-note","spans":[],"children":[],"rendered":"\u001b[1mFor more information about an error, try `rustc --explain E0405`.\u001b[0m\n"}
